<?xml version="1.0" encoding="UTF-8"?>
<robot generator="Robot 4.0 (Python 3.9.2 on linux)" generated="20210313 23:25:39.412" rpa="false" schemaversion="2">
<suite id="s1" name="Tests" source="/app/Tests">
<suite id="s1-s1" name="Backend" source="/app/Tests/Backend">
<suite id="s1-s1-s1" name="CasesTests" source="/app/Tests/Backend/CasesTests">
<suite id="s1-s1-s1-s1" name="CasesDeleteTests" source="/app/Tests/Backend/CasesTests/CasesDeleteTests.robot">
<kw name="SetUp" type="SETUP">
<kw name="Create New Session" library="Common">
<kw name="Create Session" library="RequestsLibrary">
<arg>User_Profile</arg>
<arg>${BASE_URL}</arg>
<doc>Create Session: create a HTTP session to a server</doc>
<msg timestamp="20210313 23:25:40.406" level="INFO">Creating Session using : alias=User_Profile, url=http://gyant-challenge-app:3000, headers={},                     cookies={}, auth=None, timeout=None, proxies=None, verify=False,                     debug=0 </msg>
<status status="PASS" starttime="20210313 23:25:40.405" endtime="20210313 23:25:40.408"/>
</kw>
<status status="PASS" starttime="20210313 23:25:40.404" endtime="20210313 23:25:40.408"/>
</kw>
<kw name="Connect To Database Mongo" library="Common">
<kw name="Connect To Mongodb" library="MongoDBLibrary">
<arg>${DB_CONNECTION}</arg>
<doc>Loads pymongo and connects to the MongoDB host using parameters submitted.</doc>
<status status="PASS" starttime="20210313 23:25:40.410" endtime="20210313 23:25:40.482"/>
</kw>
<kw name="Get Mongodb Collections" library="MongoDBLibrary">
<var>@{output}</var>
<arg>gyantQaChallenge</arg>
<doc>Returns a list of all of the collections for the database you
passed in on the connected MongoDB server.</doc>
<msg timestamp="20210313 23:25:41.112" level="INFO">@{output} = [ conditions | users | cases ]</msg>
<status status="PASS" starttime="20210313 23:25:40.483" endtime="20210313 23:25:41.112"/>
</kw>
<status status="PASS" starttime="20210313 23:25:40.409" endtime="20210313 23:25:41.112"/>
</kw>
<status status="PASS" starttime="20210313 23:25:40.403" endtime="20210313 23:25:41.113"/>
</kw>
<test id="s1-s1-s1-s1-t1" name="Delete Cases">
<kw name="Import New Cases" library="CasesUtil">
<kw name="Set Relative Path" library="Common">
<arg>/cases/import</arg>
<kw name="Set Test Variable" library="BuiltIn">
<arg>${relativePath}</arg>
<doc>Makes a variable available everywhere within the scope of the current test.</doc>
<msg timestamp="20210313 23:25:41.129" level="INFO">${relativePath} = /cases/import</msg>
<status status="PASS" starttime="20210313 23:25:41.123" endtime="20210313 23:25:41.130"/>
</kw>
<kw name="Log" library="BuiltIn">
<arg>Path: ${BASE_URL}/${relativePath}</arg>
<doc>Logs the given message with the given level.</doc>
<msg timestamp="20210313 23:25:41.132" level="INFO">Path: http://gyant-challenge-app:3000//cases/import</msg>
<status status="PASS" starttime="20210313 23:25:41.131" endtime="20210313 23:25:41.133"/>
</kw>
<status status="PASS" starttime="20210313 23:25:41.120" endtime="20210313 23:25:41.134"/>
</kw>
<kw name="Import Cases" library="CasesUtil">
<kw name="Create Dictionary" library="BuiltIn">
<var>${headers}</var>
<arg>Content-Type=application/json</arg>
<doc>Creates and returns a dictionary based on the given ``items``.</doc>
<msg timestamp="20210313 23:25:41.139" level="INFO">${headers} = {'Content-Type': 'application/json'}</msg>
<status status="PASS" starttime="20210313 23:25:41.136" endtime="20210313 23:25:41.139"/>
</kw>
<kw name="Post On Session" library="RequestsLibrary">
<var>${responseImportCases}</var>
<arg>User_Profile</arg>
<arg>${relativePath}</arg>
<arg>headers=${headers}</arg>
<arg>expected_status=${expectedStatus}</arg>
<doc>Sends a POST request on a previously created HTTP Session.</doc>
<msg timestamp="20210313 23:25:41.215" level="INFO">POST Request : url=http://gyant-challenge-app:3000/cases/import 
 path_url=/cases/import 
 headers={'User-Agent': 'python-requests/2.25.1', 'Accept-Encoding': 'gzip, deflate', 'Accept': '*/*', 'Connection': 'keep-alive', 'Content-Type': 'application/json', 'Content-Length': '0'} 
 body=None 
 </msg>
<msg timestamp="20210313 23:25:41.216" level="INFO">POST Response : url=http://gyant-challenge-app:3000/cases/import 
 status=200, reason=OK 
 headers={'Content-Type': 'application/json; charset=utf-8', 'Content-Length': '192', 'Date': 'Sat, 13 Mar 2021 23:25:41 GMT', 'Connection': 'keep-alive'} 
 body={"ok":1,"writeErrors":[],"writeConcernErrors":[],"insertedIds":[],"nInserted":0,"nUpserted":0,"nMatched":3,"nModified":3,"nRemoved":0,"upserted":[],"lastOp":{"ts":"6939283943233421315","t":2}} 
 </msg>
<msg timestamp="20210313 23:25:41.217" level="INFO">${responseImportCases} = &lt;Response [200]&gt;</msg>
<status status="PASS" starttime="20210313 23:25:41.139" endtime="20210313 23:25:41.217"/>
</kw>
<kw name="Set Test Variable" library="BuiltIn">
<arg>${responseImportCases}</arg>
<doc>Makes a variable available everywhere within the scope of the current test.</doc>
<msg timestamp="20210313 23:25:41.220" level="INFO">${responseImportCases} = &lt;Response [200]&gt;</msg>
<status status="PASS" starttime="20210313 23:25:41.218" endtime="20210313 23:25:41.221"/>
</kw>
<kw name="Log" library="BuiltIn">
<arg>Import Cases Response: ${responseImportCases.json()}</arg>
<doc>Logs the given message with the given level.</doc>
<msg timestamp="20210313 23:25:41.225" level="INFO">Import Cases Response: {'ok': 1, 'writeErrors': [], 'writeConcernErrors': [], 'insertedIds': [], 'nInserted': 0, 'nUpserted': 0, 'nMatched': 3, 'nModified': 3, 'nRemoved': 0, 'upserted': [], 'lastOp': {'ts': '6939283943233421315', 't': 2}}</msg>
<status status="PASS" starttime="20210313 23:25:41.221" endtime="20210313 23:25:41.225"/>
</kw>
<status status="PASS" starttime="20210313 23:25:41.134" endtime="20210313 23:25:41.225"/>
</kw>
<status status="PASS" starttime="20210313 23:25:41.117" endtime="20210313 23:25:41.226"/>
</kw>
<kw name="Set Relative Path" library="Common">
<arg>${DELETE_PATH_CASES}</arg>
<kw name="Set Test Variable" library="BuiltIn">
<arg>${relativePath}</arg>
<doc>Makes a variable available everywhere within the scope of the current test.</doc>
<msg timestamp="20210313 23:25:41.236" level="INFO">${relativePath} = /cases</msg>
<status status="PASS" starttime="20210313 23:25:41.233" endtime="20210313 23:25:41.237"/>
</kw>
<kw name="Log" library="BuiltIn">
<arg>Path: ${BASE_URL}/${relativePath}</arg>
<doc>Logs the given message with the given level.</doc>
<msg timestamp="20210313 23:25:41.241" level="INFO">Path: http://gyant-challenge-app:3000//cases</msg>
<status status="PASS" starttime="20210313 23:25:41.239" endtime="20210313 23:25:41.241"/>
</kw>
<status status="PASS" starttime="20210313 23:25:41.227" endtime="20210313 23:25:41.242"/>
</kw>
<kw name="Delete Cases" library="CasesUtil">
<kw name="Delete On Session" library="RequestsLibrary">
<var>${responseDelete}</var>
<arg>User_Profile</arg>
<arg>${relativePath}</arg>
<arg>expected_status=${expectedStatus}</arg>
<doc>Sends a DELETE request on a previously created HTTP Session.</doc>
<msg timestamp="20210313 23:25:41.325" level="INFO">DELETE Request : url=http://gyant-challenge-app:3000/cases 
 path_url=/cases 
 headers={'User-Agent': 'python-requests/2.25.1', 'Accept-Encoding': 'gzip, deflate', 'Accept': '*/*', 'Connection': 'keep-alive', 'Content-Length': '0'} 
 body=None 
 </msg>
<msg timestamp="20210313 23:25:41.325" level="INFO">DELETE Response : url=http://gyant-challenge-app:3000/cases 
 status=200, reason=OK 
 headers={'Content-Type': 'application/json; charset=utf-8', 'Content-Length': '4', 'Date': 'Sat, 13 Mar 2021 23:25:41 GMT', 'Connection': 'keep-alive'} 
 body=true 
 </msg>
<msg timestamp="20210313 23:25:41.327" level="INFO">${responseDelete} = &lt;Response [200]&gt;</msg>
<status status="PASS" starttime="20210313 23:25:41.247" endtime="20210313 23:25:41.327"/>
</kw>
<kw name="Set Test Variable" library="BuiltIn">
<arg>${responseDelete}</arg>
<doc>Makes a variable available everywhere within the scope of the current test.</doc>
<msg timestamp="20210313 23:25:41.329" level="INFO">${responseDelete} = &lt;Response [200]&gt;</msg>
<status status="PASS" starttime="20210313 23:25:41.328" endtime="20210313 23:25:41.330"/>
</kw>
<kw name="Log" library="BuiltIn">
<arg>Delete Cases Response: ${responseDelete.json()}</arg>
<doc>Logs the given message with the given level.</doc>
<msg timestamp="20210313 23:25:41.334" level="INFO">Delete Cases Response: True</msg>
<status status="PASS" starttime="20210313 23:25:41.332" endtime="20210313 23:25:41.335"/>
</kw>
<status status="PASS" starttime="20210313 23:25:41.243" endtime="20210313 23:25:41.335"/>
</kw>
<kw name="Validate No Cases Existence" library="CasesValidator">
<kw name="Set Variable" library="BuiltIn">
<var>${responseBody}</var>
<arg>${responseDelete.json()}</arg>
<doc>Returns the given values which can then be assigned to a variables.</doc>
<msg timestamp="20210313 23:25:41.346" level="INFO">${responseBody} = True</msg>
<status status="PASS" starttime="20210313 23:25:41.338" endtime="20210313 23:25:41.347"/>
</kw>
<kw name="Should Be Equal" library="BuiltIn">
<arg>${responseBody}</arg>
<arg>${TRUE}</arg>
<doc>Fails if the given objects are unequal.</doc>
<status status="PASS" starttime="20210313 23:25:41.349" endtime="20210313 23:25:41.350"/>
</kw>
<kw name="Retrieve All Mongodb Records" library="MongoDBLibrary">
<var>${mongodbCases}</var>
<arg>${DB_NAME}</arg>
<arg>cases</arg>
<doc>Retrieve ALL of the records in a give MongoDB database collection.
Returned value must be single quoted for comparison, otherwise you will
get a TypeError error.</doc>
<msg timestamp="20210313 23:25:41.404" level="INFO">${mongodbCases} = </msg>
<status status="PASS" starttime="20210313 23:25:41.351" endtime="20210313 23:25:41.405"/>
</kw>
<kw name="Log" library="BuiltIn">
<arg>MongoDb Cases: ${mongodbCases}</arg>
<doc>Logs the given message with the given level.</doc>
<msg timestamp="20210313 23:25:41.408" level="INFO">MongoDb Cases: </msg>
<status status="PASS" starttime="20210313 23:25:41.406" endtime="20210313 23:25:41.408"/>
</kw>
<kw name="Should Be Empty" library="BuiltIn">
<arg>${mongodbCases}</arg>
<doc>Verifies that the given item is empty.</doc>
<msg timestamp="20210313 23:25:41.412" level="INFO">Length is 0</msg>
<status status="PASS" starttime="20210313 23:25:41.410" endtime="20210313 23:25:41.413"/>
</kw>
<status status="PASS" starttime="20210313 23:25:41.336" endtime="20210313 23:25:41.414"/>
</kw>
<tag>TEST</tag>
<status status="PASS" starttime="20210313 23:25:41.113" endtime="20210313 23:25:41.415"/>
</test>
<test id="s1-s1-s1-s1-t2" name="Delete Cases Fail">
<kw name="Import New Cases" library="CasesUtil">
<kw name="Set Relative Path" library="Common">
<arg>/cases/import</arg>
<kw name="Set Test Variable" library="BuiltIn">
<arg>${relativePath}</arg>
<doc>Makes a variable available everywhere within the scope of the current test.</doc>
<msg timestamp="20210313 23:25:41.439" level="INFO">${relativePath} = /cases/import</msg>
<status status="PASS" starttime="20210313 23:25:41.437" endtime="20210313 23:25:41.439"/>
</kw>
<kw name="Log" library="BuiltIn">
<arg>Path: ${BASE_URL}/${relativePath}</arg>
<doc>Logs the given message with the given level.</doc>
<msg timestamp="20210313 23:25:41.441" level="INFO">Path: http://gyant-challenge-app:3000//cases/import</msg>
<status status="PASS" starttime="20210313 23:25:41.440" endtime="20210313 23:25:41.442"/>
</kw>
<status status="PASS" starttime="20210313 23:25:41.432" endtime="20210313 23:25:41.442"/>
</kw>
<kw name="Import Cases" library="CasesUtil">
<kw name="Create Dictionary" library="BuiltIn">
<var>${headers}</var>
<arg>Content-Type=application/json</arg>
<doc>Creates and returns a dictionary based on the given ``items``.</doc>
<msg timestamp="20210313 23:25:41.446" level="INFO">${headers} = {'Content-Type': 'application/json'}</msg>
<status status="PASS" starttime="20210313 23:25:41.445" endtime="20210313 23:25:41.446"/>
</kw>
<kw name="Post On Session" library="RequestsLibrary">
<var>${responseImportCases}</var>
<arg>User_Profile</arg>
<arg>${relativePath}</arg>
<arg>headers=${headers}</arg>
<arg>expected_status=${expectedStatus}</arg>
<doc>Sends a POST request on a previously created HTTP Session.</doc>
<msg timestamp="20210313 23:25:41.558" level="INFO">POST Request : url=http://gyant-challenge-app:3000/cases/import 
 path_url=/cases/import 
 headers={'User-Agent': 'python-requests/2.25.1', 'Accept-Encoding': 'gzip, deflate', 'Accept': '*/*', 'Connection': 'keep-alive', 'Content-Type': 'application/json', 'Content-Length': '0'} 
 body=None 
 </msg>
<msg timestamp="20210313 23:25:41.559" level="INFO">POST Response : url=http://gyant-challenge-app:3000/cases/import 
 status=200, reason=OK 
 headers={'Content-Type': 'application/json; charset=utf-8', 'Content-Length': '326', 'Date': 'Sat, 13 Mar 2021 23:25:41 GMT', 'Connection': 'keep-alive'} 
 body={"ok":1,"writeErrors":[],"writeConcernErrors":[],"insertedIds":[],"nInserted":0,"nUpserted":3,"nMatched":0,"nModified":0,"nRemoved":0,"upserted":[{"index":0,"_id":"604d49fb095f565a460e3495"},{"index":1,"_id":"604d49fb095f565a460e3496"},{"index":2,"_id":"604d49fb095f565a460e3497"}],"lastOp":{"ts":"6939283943233421320","t":2}} 
 </msg>
<msg timestamp="20210313 23:25:41.560" level="INFO">${responseImportCases} = &lt;Response [200]&gt;</msg>
<status status="PASS" starttime="20210313 23:25:41.446" endtime="20210313 23:25:41.560"/>
</kw>
<kw name="Set Test Variable" library="BuiltIn">
<arg>${responseImportCases}</arg>
<doc>Makes a variable available everywhere within the scope of the current test.</doc>
<msg timestamp="20210313 23:25:41.565" level="INFO">${responseImportCases} = &lt;Response [200]&gt;</msg>
<status status="PASS" starttime="20210313 23:25:41.562" endtime="20210313 23:25:41.565"/>
</kw>
<kw name="Log" library="BuiltIn">
<arg>Import Cases Response: ${responseImportCases.json()}</arg>
<doc>Logs the given message with the given level.</doc>
<msg timestamp="20210313 23:25:41.571" level="INFO">Import Cases Response: {'ok': 1, 'writeErrors': [], 'writeConcernErrors': [], 'insertedIds': [], 'nInserted': 0, 'nUpserted': 3, 'nMatched': 0, 'nModified': 0, 'nRemoved': 0, 'upserted': [{'index': 0, '_id': '604d49fb095f565a460e3495'}, {'index': 1, '_id': '604d49fb095f565a460e3496'}, {'index': 2, '_id': '604d49fb095f565a460e3497'}], 'lastOp': {'ts': '6939283943233421320', 't': 2}}</msg>
<status status="PASS" starttime="20210313 23:25:41.566" endtime="20210313 23:25:41.571"/>
</kw>
<status status="PASS" starttime="20210313 23:25:41.443" endtime="20210313 23:25:41.573"/>
</kw>
<status status="PASS" starttime="20210313 23:25:41.430" endtime="20210313 23:25:41.574"/>
</kw>
<kw name="Set Relative Path" library="Common">
<arg>${DELETE_PATH_CASES}</arg>
<kw name="Set Test Variable" library="BuiltIn">
<arg>${relativePath}</arg>
<doc>Makes a variable available everywhere within the scope of the current test.</doc>
<msg timestamp="20210313 23:25:41.586" level="INFO">${relativePath} = /cases</msg>
<status status="PASS" starttime="20210313 23:25:41.582" endtime="20210313 23:25:41.590"/>
</kw>
<kw name="Log" library="BuiltIn">
<arg>Path: ${BASE_URL}/${relativePath}</arg>
<doc>Logs the given message with the given level.</doc>
<msg timestamp="20210313 23:25:41.593" level="INFO">Path: http://gyant-challenge-app:3000//cases</msg>
<status status="PASS" starttime="20210313 23:25:41.591" endtime="20210313 23:25:41.594"/>
</kw>
<status status="PASS" starttime="20210313 23:25:41.575" endtime="20210313 23:25:41.595"/>
</kw>
<kw name="Delete Cases" library="CasesUtil">
<arg>any</arg>
<kw name="Delete On Session" library="RequestsLibrary">
<var>${responseDelete}</var>
<arg>User_Profile</arg>
<arg>${relativePath}</arg>
<arg>expected_status=${expectedStatus}</arg>
<doc>Sends a DELETE request on a previously created HTTP Session.</doc>
<msg timestamp="20210313 23:25:41.674" level="INFO">DELETE Request : url=http://gyant-challenge-app:3000/cases 
 path_url=/cases 
 headers={'User-Agent': 'python-requests/2.25.1', 'Accept-Encoding': 'gzip, deflate', 'Accept': '*/*', 'Connection': 'keep-alive', 'Content-Length': '0'} 
 body=None 
 </msg>
<msg timestamp="20210313 23:25:41.675" level="INFO">DELETE Response : url=http://gyant-challenge-app:3000/cases 
 status=200, reason=OK 
 headers={'Content-Type': 'application/json; charset=utf-8', 'Content-Length': '4', 'Date': 'Sat, 13 Mar 2021 23:25:41 GMT', 'Connection': 'keep-alive'} 
 body=true 
 </msg>
<msg timestamp="20210313 23:25:41.677" level="INFO">${responseDelete} = &lt;Response [200]&gt;</msg>
<status status="PASS" starttime="20210313 23:25:41.602" endtime="20210313 23:25:41.677"/>
</kw>
<kw name="Set Test Variable" library="BuiltIn">
<arg>${responseDelete}</arg>
<doc>Makes a variable available everywhere within the scope of the current test.</doc>
<msg timestamp="20210313 23:25:41.681" level="INFO">${responseDelete} = &lt;Response [200]&gt;</msg>
<status status="PASS" starttime="20210313 23:25:41.678" endtime="20210313 23:25:41.682"/>
</kw>
<kw name="Log" library="BuiltIn">
<arg>Delete Cases Response: ${responseDelete.json()}</arg>
<doc>Logs the given message with the given level.</doc>
<msg timestamp="20210313 23:25:41.687" level="INFO">Delete Cases Response: True</msg>
<status status="PASS" starttime="20210313 23:25:41.683" endtime="20210313 23:25:41.687"/>
</kw>
<status status="PASS" starttime="20210313 23:25:41.596" endtime="20210313 23:25:41.688"/>
</kw>
<kw name="Delete Cases" library="CasesUtil">
<arg>400</arg>
<kw name="Delete On Session" library="RequestsLibrary">
<var>${responseDelete}</var>
<arg>User_Profile</arg>
<arg>${relativePath}</arg>
<arg>expected_status=${expectedStatus}</arg>
<doc>Sends a DELETE request on a previously created HTTP Session.</doc>
<msg timestamp="20210313 23:25:41.779" level="INFO">DELETE Request : url=http://gyant-challenge-app:3000/cases 
 path_url=/cases 
 headers={'User-Agent': 'python-requests/2.25.1', 'Accept-Encoding': 'gzip, deflate', 'Accept': '*/*', 'Connection': 'keep-alive', 'Content-Length': '0'} 
 body=None 
 </msg>
<msg timestamp="20210313 23:25:41.780" level="INFO">DELETE Response : url=http://gyant-challenge-app:3000/cases 
 status=400, reason=Bad Request 
 headers={'Content-Type': 'application/json; charset=utf-8', 'Content-Length': '107', 'Date': 'Sat, 13 Mar 2021 23:25:41 GMT', 'Connection': 'keep-alive'} 
 body={"statusCode":400,"payload":{"statusCode":400,"error":"Bad Request","message":"ns not found"},"headers":{}} 
 </msg>
<msg timestamp="20210313 23:25:41.780" level="INFO">${responseDelete} = &lt;Response [400]&gt;</msg>
<status status="PASS" starttime="20210313 23:25:41.697" endtime="20210313 23:25:41.781"/>
</kw>
<kw name="Set Test Variable" library="BuiltIn">
<arg>${responseDelete}</arg>
<doc>Makes a variable available everywhere within the scope of the current test.</doc>
<msg timestamp="20210313 23:25:41.784" level="INFO">${responseDelete} = &lt;Response [400]&gt;</msg>
<status status="PASS" starttime="20210313 23:25:41.782" endtime="20210313 23:25:41.784"/>
</kw>
<kw name="Log" library="BuiltIn">
<arg>Delete Cases Response: ${responseDelete.json()}</arg>
<doc>Logs the given message with the given level.</doc>
<msg timestamp="20210313 23:25:41.790" level="INFO">Delete Cases Response: {'statusCode': 400, 'payload': {'statusCode': 400, 'error': 'Bad Request', 'message': 'ns not found'}, 'headers': {}}</msg>
<status status="PASS" starttime="20210313 23:25:41.785" endtime="20210313 23:25:41.791"/>
</kw>
<status status="PASS" starttime="20210313 23:25:41.689" endtime="20210313 23:25:41.792"/>
</kw>
<kw name="Validate Fail Delete Cases" library="CasesValidator">
<kw name="Set Variable" library="BuiltIn">
<var>${responseBody}</var>
<arg>${responseDelete.json()}</arg>
<doc>Returns the given values which can then be assigned to a variables.</doc>
<msg timestamp="20210313 23:25:41.809" level="INFO">${responseBody} = {'statusCode': 400, 'payload': {'statusCode': 400, 'error': 'Bad Request', 'message': 'ns not found'}, 'headers': {}}</msg>
<status status="PASS" starttime="20210313 23:25:41.800" endtime="20210313 23:25:41.810"/>
</kw>
<kw name="Should Be Equal As Integers" library="BuiltIn">
<arg>${responseBody["statusCode"]}</arg>
<arg>400</arg>
<doc>Fails if objects are unequal after converting them to integers.</doc>
<msg timestamp="20210313 23:25:41.815" level="INFO">Argument types are:
&lt;class 'int'&gt;
&lt;type 'unicode'&gt;</msg>
<status status="PASS" starttime="20210313 23:25:41.810" endtime="20210313 23:25:41.816"/>
</kw>
<kw name="Should Be Equal As Integers" library="BuiltIn">
<arg>${responseBody["payload"]["statusCode"]}</arg>
<arg>400</arg>
<doc>Fails if objects are unequal after converting them to integers.</doc>
<msg timestamp="20210313 23:25:41.821" level="INFO">Argument types are:
&lt;class 'int'&gt;
&lt;type 'unicode'&gt;</msg>
<status status="PASS" starttime="20210313 23:25:41.816" endtime="20210313 23:25:41.822"/>
</kw>
<kw name="Should Be Equal" library="BuiltIn">
<arg>${responseBody["payload"]["error"]}</arg>
<arg>Bad Request</arg>
<doc>Fails if the given objects are unequal.</doc>
<status status="PASS" starttime="20210313 23:25:41.822" endtime="20210313 23:25:41.827"/>
</kw>
<kw name="Should Be Equal" library="BuiltIn">
<arg>${responseBody["payload"]["message"]}</arg>
<arg>ns not found</arg>
<doc>Fails if the given objects are unequal.</doc>
<status status="PASS" starttime="20210313 23:25:41.828" endtime="20210313 23:25:41.833"/>
</kw>
<status status="PASS" starttime="20210313 23:25:41.794" endtime="20210313 23:25:41.834"/>
</kw>
<tag>TEST</tag>
<status status="PASS" starttime="20210313 23:25:41.426" endtime="20210313 23:25:41.836"/>
</test>
<kw name="Disconnect Database Mongo" library="Common" type="TEARDOWN">
<kw name="Disconnect From Mongodb" library="MongoDBLibrary">
<doc>Disconnects from the MongoDB server.</doc>
<status status="PASS" starttime="20210313 23:25:41.851" endtime="20210313 23:25:41.908"/>
</kw>
<status status="PASS" starttime="20210313 23:25:41.843" endtime="20210313 23:25:41.909"/>
</kw>
<status status="PASS" starttime="20210313 23:25:39.492" endtime="20210313 23:25:41.910"/>
</suite>
<suite id="s1-s1-s1-s2" name="CasesImportTests" source="/app/Tests/Backend/CasesTests/CasesImportTests.robot">
<kw name="SetUp" type="SETUP">
<kw name="Create New Session" library="Common">
<kw name="Create Session" library="RequestsLibrary">
<arg>User_Profile</arg>
<arg>${BASE_URL}</arg>
<doc>Create Session: create a HTTP session to a server</doc>
<msg timestamp="20210313 23:25:42.142" level="INFO">Creating Session using : alias=User_Profile, url=http://gyant-challenge-app:3000, headers={},                     cookies={}, auth=None, timeout=None, proxies=None, verify=False,                     debug=0 </msg>
<status status="PASS" starttime="20210313 23:25:42.141" endtime="20210313 23:25:42.143"/>
</kw>
<status status="PASS" starttime="20210313 23:25:42.140" endtime="20210313 23:25:42.144"/>
</kw>
<kw name="Connect To Database Mongo" library="Common">
<kw name="Connect To Mongodb" library="MongoDBLibrary">
<arg>${DB_CONNECTION}</arg>
<doc>Loads pymongo and connects to the MongoDB host using parameters submitted.</doc>
<status status="PASS" starttime="20210313 23:25:42.145" endtime="20210313 23:25:42.190"/>
</kw>
<kw name="Get Mongodb Collections" library="MongoDBLibrary">
<var>@{output}</var>
<arg>gyantQaChallenge</arg>
<doc>Returns a list of all of the collections for the database you
passed in on the connected MongoDB server.</doc>
<msg timestamp="20210313 23:25:42.839" level="INFO">@{output} = [ conditions | users ]</msg>
<status status="PASS" starttime="20210313 23:25:42.191" endtime="20210313 23:25:42.839"/>
</kw>
<status status="PASS" starttime="20210313 23:25:42.144" endtime="20210313 23:25:42.840"/>
</kw>
<status status="PASS" starttime="20210313 23:25:42.138" endtime="20210313 23:25:42.841"/>
</kw>
<test id="s1-s1-s1-s2-t1" name="Import Cases">
<kw name="Delete All Cases" library="CasesUtil">
<kw name="Set Relative Path" library="Common">
<arg>/cases</arg>
<kw name="Set Test Variable" library="BuiltIn">
<arg>${relativePath}</arg>
<doc>Makes a variable available everywhere within the scope of the current test.</doc>
<msg timestamp="20210313 23:25:42.859" level="INFO">${relativePath} = /cases</msg>
<status status="PASS" starttime="20210313 23:25:42.855" endtime="20210313 23:25:42.859"/>
</kw>
<kw name="Log" library="BuiltIn">
<arg>Path: ${BASE_URL}/${relativePath}</arg>
<doc>Logs the given message with the given level.</doc>
<msg timestamp="20210313 23:25:42.862" level="INFO">Path: http://gyant-challenge-app:3000//cases</msg>
<status status="PASS" starttime="20210313 23:25:42.860" endtime="20210313 23:25:42.862"/>
</kw>
<status status="PASS" starttime="20210313 23:25:42.852" endtime="20210313 23:25:42.865"/>
</kw>
<kw name="Delete Cases" library="CasesUtil">
<arg>any</arg>
<kw name="Delete On Session" library="RequestsLibrary">
<var>${responseDelete}</var>
<arg>User_Profile</arg>
<arg>${relativePath}</arg>
<arg>expected_status=${expectedStatus}</arg>
<doc>Sends a DELETE request on a previously created HTTP Session.</doc>
<msg timestamp="20210313 23:25:42.954" level="INFO">DELETE Request : url=http://gyant-challenge-app:3000/cases 
 path_url=/cases 
 headers={'User-Agent': 'python-requests/2.25.1', 'Accept-Encoding': 'gzip, deflate', 'Accept': '*/*', 'Connection': 'keep-alive', 'Content-Length': '0'} 
 body=None 
 </msg>
<msg timestamp="20210313 23:25:42.954" level="INFO">DELETE Response : url=http://gyant-challenge-app:3000/cases 
 status=400, reason=Bad Request 
 headers={'Content-Type': 'application/json; charset=utf-8', 'Content-Length': '107', 'Date': 'Sat, 13 Mar 2021 23:25:42 GMT', 'Connection': 'keep-alive'} 
 body={"statusCode":400,"payload":{"statusCode":400,"error":"Bad Request","message":"ns not found"},"headers":{}} 
 </msg>
<msg timestamp="20210313 23:25:42.955" level="INFO">${responseDelete} = &lt;Response [400]&gt;</msg>
<status status="PASS" starttime="20210313 23:25:42.870" endtime="20210313 23:25:42.955"/>
</kw>
<kw name="Set Test Variable" library="BuiltIn">
<arg>${responseDelete}</arg>
<doc>Makes a variable available everywhere within the scope of the current test.</doc>
<msg timestamp="20210313 23:25:42.961" level="INFO">${responseDelete} = &lt;Response [400]&gt;</msg>
<status status="PASS" starttime="20210313 23:25:42.956" endtime="20210313 23:25:42.962"/>
</kw>
<kw name="Log" library="BuiltIn">
<arg>Delete Cases Response: ${responseDelete.json()}</arg>
<doc>Logs the given message with the given level.</doc>
<msg timestamp="20210313 23:25:42.970" level="INFO">Delete Cases Response: {'statusCode': 400, 'payload': {'statusCode': 400, 'error': 'Bad Request', 'message': 'ns not found'}, 'headers': {}}</msg>
<status status="PASS" starttime="20210313 23:25:42.966" endtime="20210313 23:25:42.971"/>
</kw>
<status status="PASS" starttime="20210313 23:25:42.865" endtime="20210313 23:25:42.972"/>
</kw>
<status status="PASS" starttime="20210313 23:25:42.847" endtime="20210313 23:25:42.973"/>
</kw>
<kw name="Set Relative Path" library="Common">
<arg>${IMPORT_PATH_CASES}</arg>
<kw name="Set Test Variable" library="BuiltIn">
<arg>${relativePath}</arg>
<doc>Makes a variable available everywhere within the scope of the current test.</doc>
<msg timestamp="20210313 23:25:42.983" level="INFO">${relativePath} = /cases/import</msg>
<status status="PASS" starttime="20210313 23:25:42.981" endtime="20210313 23:25:42.984"/>
</kw>
<kw name="Log" library="BuiltIn">
<arg>Path: ${BASE_URL}/${relativePath}</arg>
<doc>Logs the given message with the given level.</doc>
<msg timestamp="20210313 23:25:42.987" level="INFO">Path: http://gyant-challenge-app:3000//cases/import</msg>
<status status="PASS" starttime="20210313 23:25:42.985" endtime="20210313 23:25:42.987"/>
</kw>
<status status="PASS" starttime="20210313 23:25:42.974" endtime="20210313 23:25:42.988"/>
</kw>
<kw name="Import Cases" library="CasesUtil">
<kw name="Create Dictionary" library="BuiltIn">
<var>${headers}</var>
<arg>Content-Type=application/json</arg>
<doc>Creates and returns a dictionary based on the given ``items``.</doc>
<msg timestamp="20210313 23:25:43.004" level="INFO">${headers} = {'Content-Type': 'application/json'}</msg>
<status status="PASS" starttime="20210313 23:25:42.999" endtime="20210313 23:25:43.004"/>
</kw>
<kw name="Post On Session" library="RequestsLibrary">
<var>${responseImportCases}</var>
<arg>User_Profile</arg>
<arg>${relativePath}</arg>
<arg>headers=${headers}</arg>
<arg>expected_status=${expectedStatus}</arg>
<doc>Sends a POST request on a previously created HTTP Session.</doc>
<msg timestamp="20210313 23:25:43.115" level="INFO">POST Request : url=http://gyant-challenge-app:3000/cases/import 
 path_url=/cases/import 
 headers={'User-Agent': 'python-requests/2.25.1', 'Accept-Encoding': 'gzip, deflate', 'Accept': '*/*', 'Connection': 'keep-alive', 'Content-Type': 'application/json', 'Content-Length': '0'} 
 body=None 
 </msg>
<msg timestamp="20210313 23:25:43.117" level="INFO">POST Response : url=http://gyant-challenge-app:3000/cases/import 
 status=200, reason=OK 
 headers={'Content-Type': 'application/json; charset=utf-8', 'Content-Length': '326', 'Date': 'Sat, 13 Mar 2021 23:25:43 GMT', 'Connection': 'keep-alive'} 
 body={"ok":1,"writeErrors":[],"writeConcernErrors":[],"insertedIds":[],"nInserted":0,"nUpserted":3,"nMatched":0,"nModified":0,"nRemoved":0,"upserted":[{"index":0,"_id":"604d49fc095f565a460e37f1"},{"index":1,"_id":"604d49fc095f565a460e37f3"},{"index":2,"_id":"604d49fc095f565a460e37f4"}],"lastOp":{"ts":"6939283947528388712","t":2}} 
 </msg>
<msg timestamp="20210313 23:25:43.118" level="INFO">${responseImportCases} = &lt;Response [200]&gt;</msg>
<status status="PASS" starttime="20210313 23:25:43.006" endtime="20210313 23:25:43.119"/>
</kw>
<kw name="Set Test Variable" library="BuiltIn">
<arg>${responseImportCases}</arg>
<doc>Makes a variable available everywhere within the scope of the current test.</doc>
<msg timestamp="20210313 23:25:43.123" level="INFO">${responseImportCases} = &lt;Response [200]&gt;</msg>
<status status="PASS" starttime="20210313 23:25:43.120" endtime="20210313 23:25:43.124"/>
</kw>
<kw name="Log" library="BuiltIn">
<arg>Import Cases Response: ${responseImportCases.json()}</arg>
<doc>Logs the given message with the given level.</doc>
<msg timestamp="20210313 23:25:43.130" level="INFO">Import Cases Response: {'ok': 1, 'writeErrors': [], 'writeConcernErrors': [], 'insertedIds': [], 'nInserted': 0, 'nUpserted': 3, 'nMatched': 0, 'nModified': 0, 'nRemoved': 0, 'upserted': [{'index': 0, '_id': '604d49fc095f565a460e37f1'}, {'index': 1, '_id': '604d49fc095f565a460e37f3'}, {'index': 2, '_id': '604d49fc095f565a460e37f4'}], 'lastOp': {'ts': '6939283947528388712', 't': 2}}</msg>
<status status="PASS" starttime="20210313 23:25:43.125" endtime="20210313 23:25:43.130"/>
</kw>
<status status="PASS" starttime="20210313 23:25:42.989" endtime="20210313 23:25:43.131"/>
</kw>
<kw name="Validate Import Cases" library="CasesValidator">
<kw name="Set Variable" library="BuiltIn">
<var>${responseBody}</var>
<arg>${responseImportCases.json()}</arg>
<doc>Returns the given values which can then be assigned to a variables.</doc>
<msg timestamp="20210313 23:25:43.152" level="INFO">${responseBody} = {'ok': 1, 'writeErrors': [], 'writeConcernErrors': [], 'insertedIds': [], 'nInserted': 0, 'nUpserted': 3, 'nMatched': 0, 'nModified': 0, 'nRemoved': 0, 'upserted': [{'index': 0, '_id': '604d49fc095f56...</msg>
<status status="PASS" starttime="20210313 23:25:43.146" endtime="20210313 23:25:43.152"/>
</kw>
<kw name="Should Be Equal As Numbers" library="BuiltIn">
<arg>${responseBody["ok"]}</arg>
<arg>1</arg>
<doc>Fails if objects are unequal after converting them to real numbers.</doc>
<msg timestamp="20210313 23:25:43.158" level="INFO">Argument types are:
&lt;class 'int'&gt;
&lt;type 'unicode'&gt;</msg>
<status status="PASS" starttime="20210313 23:25:43.153" endtime="20210313 23:25:43.158"/>
</kw>
<kw name="Retrieve All Mongodb Records" library="MongoDBLibrary">
<var>${mongodbCases}</var>
<arg>${DB_NAME}</arg>
<arg>cases</arg>
<doc>Retrieve ALL of the records in a give MongoDB database collection.
Returned value must be single quoted for comparison, otherwise you will
get a TypeError error.</doc>
<msg timestamp="20210313 23:25:43.224" level="INFO">${mongodbCases} = dict_items([('_id', ObjectId('604d49fc095f565a460e37f1')), ('id', '00688F1A12C5787124CE2F75FD58F66F'), ('description', 'Patient  is an 45 year old  female.    Chief Complaint:  Problem    HPI  states ...</msg>
<status status="PASS" starttime="20210313 23:25:43.162" endtime="20210313 23:25:43.224"/>
</kw>
<kw name="Log" library="BuiltIn">
<arg>MongoDb Cases: ${mongodbCases}</arg>
<doc>Logs the given message with the given level.</doc>
<msg timestamp="20210313 23:25:43.226" level="INFO">MongoDb Cases: dict_items([('_id', ObjectId('604d49fc095f565a460e37f1')), ('id', '00688F1A12C5787124CE2F75FD58F66F'), ('description', 'Patient  is an 45 year old  female.    Chief Complaint:  Problem    HPI  states that about one month ago she woke up with redness and swelling to her left eye.  She went to see an ophthalmologist who prescribed her naphazoline.  She states that this relieves the redness only temporarily.  She also states that this morning she awoke with more crusting to the left eye.  The eye is not particularly itchy, but seems more irritated today.  She has not had any sick contacts.          Review of Systems   Constitutional: Negative for fever.   Eyes: Positive for discharge and redness. Negative for blurred vision, double vision and photophobia.   Skin: Negative for itching.   Neurological: Positive for headaches.         Objective:     BP 100/69  -Strict ER precautions reviewed with patient should symptoms persist or worsen (specific signs reviewed verbally).  Good communication established and plan agreed upon by patient.\r\n')])dict_items([('_id', ObjectId('604d49fc095f565a460e37f3')), ('id', '00D3FEF53970819CCC4D01C836555362'), ('description', '  Patient presents with Flank Pain. The patient is a 51-year-old female, no significant past medical history, presents to the emergency department with left-sided flank pain ongoing ×1 month now with abdominal pain. The pain is intermittent, but has been worsening. She reports new onset nausea, vomiting, diarrhea for the last 2 days. She reports multiple episodes of nonbloody emesis starting yesterday. She has also had multiple episodes of nonbloody diarrhea. She has gone to see her primary care doctor twice since symptoms began. She was found to have mildly elevated creatinine and was referred to a nephrologist. However, the nephrologist is not willing to see her until . The patient feels she cannot wait that long especially in light of these new symptoms. She then followed up with her primary care doctor again and he prescribed Zofran and loperamide but offered her no other solutions. The pain has since increased as well. She denies any fevers, chills. She denies urinary symptoms including burning with urination, frequency, hematuria.')])dict_items([('_id', ObjectId('604d49fc095f565a460e37f4')), ('id', '00F5FC934E3FCE1778B175D98B8E691C'), ('description', 'Patient  is an 42 year old  male.    Chief Complaint: Establish Care and Physical    HPI      Hemorrhoids  Bothersome  Comes and goes  Especially with sedentary life style  Recently worse  Couple nights where almost wakes patient up  Gets intermittently constipated  High fiber diet    Patient Active Problem    Diagnoses Code\r\n -  Hemorrhoids 455.6E       No outpatient prescriptions have been marked as taking for the  encounter (Office Visit) with ,  C.     Allergies   Allergen Reactions\r\n -  Pcn (Penicillins)\r\n -  Morphine        No past medical history on file.  Past Surgical History   Procedure Date\r\n -  Hx knee surgery      Arthroscopy age 15 for torn meniscus       Family History   Problem Relation  of Onset\r\n -  Cancer Mother      Breast\r\n -  Hypertension Mother\r\n -  Hypertension Father      History   Substance Use Topics\r\n -  Smoking status: Never Smoker\r\n -  Smokeless tobacco: Not on file\r\n')])</msg>
<status status="PASS" starttime="20210313 23:25:43.225" endtime="20210313 23:25:43.228"/>
</kw>
<kw name="Should Not Be Empty" library="BuiltIn">
<arg>${mongodbCases}</arg>
<doc>Verifies that the given item is not empty.</doc>
<msg timestamp="20210313 23:25:43.230" level="INFO">Length is 3284</msg>
<status status="PASS" starttime="20210313 23:25:43.229" endtime="20210313 23:25:43.230"/>
</kw>
<status status="PASS" starttime="20210313 23:25:43.137" endtime="20210313 23:25:43.231"/>
</kw>
<tag>TEST</tag>
<status status="PASS" starttime="20210313 23:25:42.842" endtime="20210313 23:25:43.232"/>
</test>
<kw name="Disconnect Database Mongo" library="Common" type="TEARDOWN">
<kw name="Disconnect From Mongodb" library="MongoDBLibrary">
<doc>Disconnects from the MongoDB server.</doc>
<status status="PASS" starttime="20210313 23:25:43.242" endtime="20210313 23:25:43.299"/>
</kw>
<status status="PASS" starttime="20210313 23:25:43.241" endtime="20210313 23:25:43.300"/>
</kw>
<status status="PASS" starttime="20210313 23:25:41.922" endtime="20210313 23:25:43.301"/>
</suite>
<suite id="s1-s1-s1-s3" name="CasesReviewTests" source="/app/Tests/Backend/CasesTests/CasesReviewTests.robot">
<kw name="SetUp" type="SETUP">
<kw name="Create New Session" library="Common">
<kw name="Create Session" library="RequestsLibrary">
<arg>User_Profile</arg>
<arg>${BASE_URL}</arg>
<doc>Create Session: create a HTTP session to a server</doc>
<msg timestamp="20210313 23:25:43.487" level="INFO">Creating Session using : alias=User_Profile, url=http://gyant-challenge-app:3000, headers={},                     cookies={}, auth=None, timeout=None, proxies=None, verify=False,                     debug=0 </msg>
<status status="PASS" starttime="20210313 23:25:43.486" endtime="20210313 23:25:43.488"/>
</kw>
<status status="PASS" starttime="20210313 23:25:43.485" endtime="20210313 23:25:43.488"/>
</kw>
<kw name="Connect To Database Mongo" library="Common">
<kw name="Connect To Mongodb" library="MongoDBLibrary">
<arg>${DB_CONNECTION}</arg>
<doc>Loads pymongo and connects to the MongoDB host using parameters submitted.</doc>
<status status="PASS" starttime="20210313 23:25:43.489" endtime="20210313 23:25:43.516"/>
</kw>
<kw name="Get Mongodb Collections" library="MongoDBLibrary">
<var>@{output}</var>
<arg>gyantQaChallenge</arg>
<doc>Returns a list of all of the collections for the database you
passed in on the connected MongoDB server.</doc>
<msg timestamp="20210313 23:25:44.128" level="INFO">@{output} = [ conditions | cases | users ]</msg>
<status status="PASS" starttime="20210313 23:25:43.517" endtime="20210313 23:25:44.128"/>
</kw>
<status status="PASS" starttime="20210313 23:25:43.488" endtime="20210313 23:25:44.129"/>
</kw>
<status status="PASS" starttime="20210313 23:25:43.484" endtime="20210313 23:25:44.129"/>
</kw>
<test id="s1-s1-s1-s3-t1" name="Review Case">
<kw name="Import New Cases" library="CasesUtil">
<kw name="Set Relative Path" library="Common">
<arg>/cases/import</arg>
<kw name="Set Test Variable" library="BuiltIn">
<arg>${relativePath}</arg>
<doc>Makes a variable available everywhere within the scope of the current test.</doc>
<msg timestamp="20210313 23:25:44.137" level="INFO">${relativePath} = /cases/import</msg>
<status status="PASS" starttime="20210313 23:25:44.135" endtime="20210313 23:25:44.137"/>
</kw>
<kw name="Log" library="BuiltIn">
<arg>Path: ${BASE_URL}/${relativePath}</arg>
<doc>Logs the given message with the given level.</doc>
<msg timestamp="20210313 23:25:44.139" level="INFO">Path: http://gyant-challenge-app:3000//cases/import</msg>
<status status="PASS" starttime="20210313 23:25:44.138" endtime="20210313 23:25:44.139"/>
</kw>
<status status="PASS" starttime="20210313 23:25:44.134" endtime="20210313 23:25:44.140"/>
</kw>
<kw name="Import Cases" library="CasesUtil">
<kw name="Create Dictionary" library="BuiltIn">
<var>${headers}</var>
<arg>Content-Type=application/json</arg>
<doc>Creates and returns a dictionary based on the given ``items``.</doc>
<msg timestamp="20210313 23:25:44.143" level="INFO">${headers} = {'Content-Type': 'application/json'}</msg>
<status status="PASS" starttime="20210313 23:25:44.142" endtime="20210313 23:25:44.143"/>
</kw>
<kw name="Post On Session" library="RequestsLibrary">
<var>${responseImportCases}</var>
<arg>User_Profile</arg>
<arg>${relativePath}</arg>
<arg>headers=${headers}</arg>
<arg>expected_status=${expectedStatus}</arg>
<doc>Sends a POST request on a previously created HTTP Session.</doc>
<msg timestamp="20210313 23:25:44.226" level="INFO">POST Request : url=http://gyant-challenge-app:3000/cases/import 
 path_url=/cases/import 
 headers={'User-Agent': 'python-requests/2.25.1', 'Accept-Encoding': 'gzip, deflate', 'Accept': '*/*', 'Connection': 'keep-alive', 'Content-Type': 'application/json', 'Content-Length': '0'} 
 body=None 
 </msg>
<msg timestamp="20210313 23:25:44.227" level="INFO">POST Response : url=http://gyant-challenge-app:3000/cases/import 
 status=200, reason=OK 
 headers={'Content-Type': 'application/json; charset=utf-8', 'Content-Length': '192', 'Date': 'Sat, 13 Mar 2021 23:25:44 GMT', 'Connection': 'keep-alive'} 
 body={"ok":1,"writeErrors":[],"writeConcernErrors":[],"insertedIds":[],"nInserted":0,"nUpserted":0,"nMatched":3,"nModified":3,"nRemoved":0,"upserted":[],"lastOp":{"ts":"6939283956118323203","t":2}} 
 </msg>
<msg timestamp="20210313 23:25:44.228" level="INFO">${responseImportCases} = &lt;Response [200]&gt;</msg>
<status status="PASS" starttime="20210313 23:25:44.144" endtime="20210313 23:25:44.228"/>
</kw>
<kw name="Set Test Variable" library="BuiltIn">
<arg>${responseImportCases}</arg>
<doc>Makes a variable available everywhere within the scope of the current test.</doc>
<msg timestamp="20210313 23:25:44.232" level="INFO">${responseImportCases} = &lt;Response [200]&gt;</msg>
<status status="PASS" starttime="20210313 23:25:44.230" endtime="20210313 23:25:44.232"/>
</kw>
<kw name="Log" library="BuiltIn">
<arg>Import Cases Response: ${responseImportCases.json()}</arg>
<doc>Logs the given message with the given level.</doc>
<msg timestamp="20210313 23:25:44.238" level="INFO">Import Cases Response: {'ok': 1, 'writeErrors': [], 'writeConcernErrors': [], 'insertedIds': [], 'nInserted': 0, 'nUpserted': 0, 'nMatched': 3, 'nModified': 3, 'nRemoved': 0, 'upserted': [], 'lastOp': {'ts': '6939283956118323203', 't': 2}}</msg>
<status status="PASS" starttime="20210313 23:25:44.233" endtime="20210313 23:25:44.239"/>
</kw>
<status status="PASS" starttime="20210313 23:25:44.140" endtime="20210313 23:25:44.240"/>
</kw>
<status status="PASS" starttime="20210313 23:25:44.132" endtime="20210313 23:25:44.240"/>
</kw>
<kw name="Create New User To Login" library="UsersUtil">
<kw name="Set Relative Path" library="Common">
<arg>/users/register</arg>
<kw name="Set Test Variable" library="BuiltIn">
<arg>${relativePath}</arg>
<doc>Makes a variable available everywhere within the scope of the current test.</doc>
<msg timestamp="20210313 23:25:44.250" level="INFO">${relativePath} = /users/register</msg>
<status status="PASS" starttime="20210313 23:25:44.248" endtime="20210313 23:25:44.250"/>
</kw>
<kw name="Log" library="BuiltIn">
<arg>Path: ${BASE_URL}/${relativePath}</arg>
<doc>Logs the given message with the given level.</doc>
<msg timestamp="20210313 23:25:44.252" level="INFO">Path: http://gyant-challenge-app:3000//users/register</msg>
<status status="PASS" starttime="20210313 23:25:44.251" endtime="20210313 23:25:44.252"/>
</kw>
<status status="PASS" starttime="20210313 23:25:44.246" endtime="20210313 23:25:44.253"/>
</kw>
<kw name="Create Body To Register User" library="UsersUtil">
<kw name="Generate Random String" library="String">
<var>${random}</var>
<arg>4</arg>
<arg>[LETTERS]</arg>
<doc>Generates a string with a desired ``length`` from the given ``chars``.</doc>
<msg timestamp="20210313 23:25:44.257" level="INFO">${random} = vEVx</msg>
<status status="PASS" starttime="20210313 23:25:44.255" endtime="20210313 23:25:44.257"/>
</kw>
<kw name="Catenate" library="BuiltIn">
<var>${inputEmail}</var>
<arg>SEPARATOR=</arg>
<arg>who</arg>
<arg>${random}</arg>
<arg>${EMAIL}</arg>
<doc>Catenates the given items together and returns the resulted string.</doc>
<msg timestamp="20210313 23:25:44.261" level="INFO">${inputEmail} = whovEVx@doctor.com</msg>
<status status="PASS" starttime="20210313 23:25:44.258" endtime="20210313 23:25:44.261"/>
</kw>
<kw name="Set Test Variable" library="BuiltIn">
<arg>${inputEmail}</arg>
<doc>Makes a variable available everywhere within the scope of the current test.</doc>
<msg timestamp="20210313 23:25:44.263" level="INFO">${inputEmail} = whovEVx@doctor.com</msg>
<status status="PASS" starttime="20210313 23:25:44.262" endtime="20210313 23:25:44.263"/>
</kw>
<kw name="Set Variable" library="BuiltIn">
<var>${inputName}</var>
<arg>${NAME}</arg>
<doc>Returns the given values which can then be assigned to a variables.</doc>
<msg timestamp="20210313 23:25:44.265" level="INFO">${inputName} = Doctor Who</msg>
<status status="PASS" starttime="20210313 23:25:44.264" endtime="20210313 23:25:44.265"/>
</kw>
<kw name="Set Test Variable" library="BuiltIn">
<arg>${inputName}</arg>
<doc>Makes a variable available everywhere within the scope of the current test.</doc>
<msg timestamp="20210313 23:25:44.266" level="INFO">${inputName} = Doctor Who</msg>
<status status="PASS" starttime="20210313 23:25:44.265" endtime="20210313 23:25:44.267"/>
</kw>
<kw name="Evaluate" library="BuiltIn">
<var>${bodyRegister}</var>
<arg>{ "name": "${inputName}", "email": "${inputEmail}", "password": "${PASSWORD}" }</arg>
<doc>Evaluates the given expression in Python and returns the result.</doc>
<msg timestamp="20210313 23:25:44.269" level="INFO">${bodyRegister} = {'name': 'Doctor Who', 'email': 'whovEVx@doctor.com', 'password': 'qwerty'}</msg>
<status status="PASS" starttime="20210313 23:25:44.267" endtime="20210313 23:25:44.269"/>
</kw>
<kw name="Set Test Variable" library="BuiltIn">
<arg>${bodyRegister}</arg>
<doc>Makes a variable available everywhere within the scope of the current test.</doc>
<msg timestamp="20210313 23:25:44.270" level="INFO">${bodyRegister} = {'name': 'Doctor Who', 'email': 'whovEVx@doctor.com', 'password': 'qwerty'}</msg>
<status status="PASS" starttime="20210313 23:25:44.269" endtime="20210313 23:25:44.270"/>
</kw>
<status status="PASS" starttime="20210313 23:25:44.253" endtime="20210313 23:25:44.270"/>
</kw>
<kw name="Register User" library="UsersUtil">
<kw name="Log" library="BuiltIn">
<arg>Register User Body: ${bodyRegister}</arg>
<doc>Logs the given message with the given level.</doc>
<msg timestamp="20210313 23:25:44.275" level="INFO">Register User Body: {'name': 'Doctor Who', 'email': 'whovEVx@doctor.com', 'password': 'qwerty'}</msg>
<status status="PASS" starttime="20210313 23:25:44.275" endtime="20210313 23:25:44.276"/>
</kw>
<kw name="Create Dictionary" library="BuiltIn">
<var>${headers}</var>
<arg>Content-Type=application/json</arg>
<doc>Creates and returns a dictionary based on the given ``items``.</doc>
<msg timestamp="20210313 23:25:44.277" level="INFO">${headers} = {'Content-Type': 'application/json'}</msg>
<status status="PASS" starttime="20210313 23:25:44.276" endtime="20210313 23:25:44.277"/>
</kw>
<kw name="Post On Session" library="RequestsLibrary">
<var>${responseRegister}</var>
<arg>User_Profile</arg>
<arg>${relativePath}</arg>
<arg>json=${bodyRegister}</arg>
<arg>headers=${headers}</arg>
<arg>expected_status=${expectedStatus}</arg>
<doc>Sends a POST request on a previously created HTTP Session.</doc>
<msg timestamp="20210313 23:25:44.519" level="INFO">POST Request : url=http://gyant-challenge-app:3000/users/register 
 path_url=/users/register 
 headers={'User-Agent': 'python-requests/2.25.1', 'Accept-Encoding': 'gzip, deflate', 'Accept': '*/*', 'Connection': 'keep-alive', 'Content-Type': 'application/json', 'Content-Length': '75'} 
 body=b'{"name": "Doctor Who", "email": "whovEVx@doctor.com", "password": "qwerty"}' 
 </msg>
<msg timestamp="20210313 23:25:44.519" level="INFO">POST Response : url=http://gyant-challenge-app:3000/users/register 
 status=200, reason=OK 
 headers={'Content-Type': 'application/json; charset=utf-8', 'Content-Length': '165', 'Date': 'Sat, 13 Mar 2021 23:25:44 GMT', 'Connection': 'keep-alive'} 
 body={"_id":"604d49f803011f001578b574","name":"Doctor Who","email":"whovEVx@doctor.com","password":"$2b$10$gjeEwenX/SaLfwhfWmj4x.9C/wrD.KlvS6YNGEgaj1k7tmaC9mVf.","__v":0} 
 </msg>
<msg timestamp="20210313 23:25:44.520" level="INFO">${responseRegister} = &lt;Response [200]&gt;</msg>
<status status="PASS" starttime="20210313 23:25:44.277" endtime="20210313 23:25:44.521"/>
</kw>
<kw name="Set Test Variable" library="BuiltIn">
<arg>${responseRegister}</arg>
<doc>Makes a variable available everywhere within the scope of the current test.</doc>
<msg timestamp="20210313 23:25:44.527" level="INFO">${responseRegister} = &lt;Response [200]&gt;</msg>
<status status="PASS" starttime="20210313 23:25:44.523" endtime="20210313 23:25:44.527"/>
</kw>
<kw name="Log" library="BuiltIn">
<arg>Register User Response: ${responseRegister.json()}</arg>
<doc>Logs the given message with the given level.</doc>
<msg timestamp="20210313 23:25:44.533" level="INFO">Register User Response: {'_id': '604d49f803011f001578b574', 'name': 'Doctor Who', 'email': 'whovEVx@doctor.com', 'password': '$2b$10$gjeEwenX/SaLfwhfWmj4x.9C/wrD.KlvS6YNGEgaj1k7tmaC9mVf.', '__v': 0}</msg>
<status status="PASS" starttime="20210313 23:25:44.528" endtime="20210313 23:25:44.534"/>
</kw>
<status status="PASS" starttime="20210313 23:25:44.271" endtime="20210313 23:25:44.535"/>
</kw>
<status status="PASS" starttime="20210313 23:25:44.243" endtime="20210313 23:25:44.536"/>
</kw>
<kw name="Login New User" library="UsersUtil">
<kw name="Set Relative Path" library="Common">
<arg>/users/login</arg>
<kw name="Set Test Variable" library="BuiltIn">
<arg>${relativePath}</arg>
<doc>Makes a variable available everywhere within the scope of the current test.</doc>
<msg timestamp="20210313 23:25:44.549" level="INFO">${relativePath} = /users/login</msg>
<status status="PASS" starttime="20210313 23:25:44.547" endtime="20210313 23:25:44.549"/>
</kw>
<kw name="Log" library="BuiltIn">
<arg>Path: ${BASE_URL}/${relativePath}</arg>
<doc>Logs the given message with the given level.</doc>
<msg timestamp="20210313 23:25:44.551" level="INFO">Path: http://gyant-challenge-app:3000//users/login</msg>
<status status="PASS" starttime="20210313 23:25:44.550" endtime="20210313 23:25:44.552"/>
</kw>
<status status="PASS" starttime="20210313 23:25:44.545" endtime="20210313 23:25:44.553"/>
</kw>
<kw name="Create Body To Login" library="UsersUtil">
<kw name="Evaluate" library="BuiltIn">
<var>${bodyLogin}</var>
<arg>{ "email": "${inputEmail}", "password": "${PASSWORD}" }</arg>
<doc>Evaluates the given expression in Python and returns the result.</doc>
<msg timestamp="20210313 23:25:44.556" level="INFO">${bodyLogin} = {'email': 'whovEVx@doctor.com', 'password': 'qwerty'}</msg>
<status status="PASS" starttime="20210313 23:25:44.555" endtime="20210313 23:25:44.557"/>
</kw>
<kw name="Set Test Variable" library="BuiltIn">
<arg>${bodyLogin}</arg>
<doc>Makes a variable available everywhere within the scope of the current test.</doc>
<msg timestamp="20210313 23:25:44.558" level="INFO">${bodyLogin} = {'email': 'whovEVx@doctor.com', 'password': 'qwerty'}</msg>
<status status="PASS" starttime="20210313 23:25:44.557" endtime="20210313 23:25:44.558"/>
</kw>
<status status="PASS" starttime="20210313 23:25:44.553" endtime="20210313 23:25:44.559"/>
</kw>
<kw name="Login User" library="UsersUtil">
<kw name="Log" library="BuiltIn">
<arg>Login User Body: ${bodyLogin}</arg>
<doc>Logs the given message with the given level.</doc>
<msg timestamp="20210313 23:25:44.562" level="INFO">Login User Body: {'email': 'whovEVx@doctor.com', 'password': 'qwerty'}</msg>
<status status="PASS" starttime="20210313 23:25:44.561" endtime="20210313 23:25:44.562"/>
</kw>
<kw name="Create Dictionary" library="BuiltIn">
<var>${headers}</var>
<arg>Content-Type=application/json</arg>
<doc>Creates and returns a dictionary based on the given ``items``.</doc>
<msg timestamp="20210313 23:25:44.564" level="INFO">${headers} = {'Content-Type': 'application/json'}</msg>
<status status="PASS" starttime="20210313 23:25:44.563" endtime="20210313 23:25:44.564"/>
</kw>
<kw name="Post On Session" library="RequestsLibrary">
<var>${responseLogin}</var>
<arg>User_Profile</arg>
<arg>${relativePath}</arg>
<arg>json=${bodyLogin}</arg>
<arg>headers=${headers}</arg>
<arg>expected_status=${expectedStatus}</arg>
<doc>Sends a POST request on a previously created HTTP Session.</doc>
<msg timestamp="20210313 23:25:44.789" level="INFO">POST Request : url=http://gyant-challenge-app:3000/users/login 
 path_url=/users/login 
 headers={'User-Agent': 'python-requests/2.25.1', 'Accept-Encoding': 'gzip, deflate', 'Accept': '*/*', 'Connection': 'keep-alive', 'Content-Type': 'application/json', 'Content-Length': '53'} 
 body=b'{"email": "whovEVx@doctor.com", "password": "qwerty"}' 
 </msg>
<msg timestamp="20210313 23:25:44.789" level="INFO">POST Response : url=http://gyant-challenge-app:3000/users/login 
 status=200, reason=OK 
 headers={'Content-Type': 'application/json; charset=utf-8', 'Content-Length': '82', 'Date': 'Sat, 13 Mar 2021 23:25:44 GMT', 'Connection': 'keep-alive'} 
 body={"id":"604d49f803011f001578b574","name":"Doctor Who","email":"whovEVx@doctor.com"} 
 </msg>
<msg timestamp="20210313 23:25:44.790" level="INFO">${responseLogin} = &lt;Response [200]&gt;</msg>
<status status="PASS" starttime="20210313 23:25:44.564" endtime="20210313 23:25:44.790"/>
</kw>
<kw name="Set Test Variable" library="BuiltIn">
<arg>${responseLogin}</arg>
<doc>Makes a variable available everywhere within the scope of the current test.</doc>
<msg timestamp="20210313 23:25:44.791" level="INFO">${responseLogin} = &lt;Response [200]&gt;</msg>
<status status="PASS" starttime="20210313 23:25:44.790" endtime="20210313 23:25:44.791"/>
</kw>
<kw name="Log" library="BuiltIn">
<arg>Login User Response: ${responseLogin.json()}</arg>
<doc>Logs the given message with the given level.</doc>
<msg timestamp="20210313 23:25:44.794" level="INFO">Login User Response: {'id': '604d49f803011f001578b574', 'name': 'Doctor Who', 'email': 'whovEVx@doctor.com'}</msg>
<status status="PASS" starttime="20210313 23:25:44.792" endtime="20210313 23:25:44.794"/>
</kw>
<status status="PASS" starttime="20210313 23:25:44.559" endtime="20210313 23:25:44.794"/>
</kw>
<kw name="Set Variable" library="BuiltIn">
<var>${responseLoginJson}</var>
<arg>${responseLogin.json()}</arg>
<doc>Returns the given values which can then be assigned to a variables.</doc>
<msg timestamp="20210313 23:25:44.797" level="INFO">${responseLoginJson} = {'id': '604d49f803011f001578b574', 'name': 'Doctor Who', 'email': 'whovEVx@doctor.com'}</msg>
<status status="PASS" starttime="20210313 23:25:44.795" endtime="20210313 23:25:44.797"/>
</kw>
<kw name="Set Test Variable" library="BuiltIn">
<arg>${responseLoginJson}</arg>
<doc>Makes a variable available everywhere within the scope of the current test.</doc>
<msg timestamp="20210313 23:25:44.798" level="INFO">${responseLoginJson} = {'id': '604d49f803011f001578b574', 'name': 'Doctor Who', 'email': 'whovEVx@doctor.com'}</msg>
<status status="PASS" starttime="20210313 23:25:44.797" endtime="20210313 23:25:44.798"/>
</kw>
<status status="PASS" starttime="20210313 23:25:44.537" endtime="20210313 23:25:44.798"/>
</kw>
<kw name="Select One Condition" library="ConditionsUtil">
<kw name="Set Relative Path" library="Common">
<arg>/conditions</arg>
<kw name="Set Test Variable" library="BuiltIn">
<arg>${relativePath}</arg>
<doc>Makes a variable available everywhere within the scope of the current test.</doc>
<msg timestamp="20210313 23:25:44.805" level="INFO">${relativePath} = /conditions</msg>
<status status="PASS" starttime="20210313 23:25:44.804" endtime="20210313 23:25:44.805"/>
</kw>
<kw name="Log" library="BuiltIn">
<arg>Path: ${BASE_URL}/${relativePath}</arg>
<doc>Logs the given message with the given level.</doc>
<msg timestamp="20210313 23:25:44.806" level="INFO">Path: http://gyant-challenge-app:3000//conditions</msg>
<status status="PASS" starttime="20210313 23:25:44.806" endtime="20210313 23:25:44.807"/>
</kw>
<status status="PASS" starttime="20210313 23:25:44.802" endtime="20210313 23:25:44.807"/>
</kw>
<kw name="Get Conditions List" library="ConditionsUtil">
<kw name="Create Dictionary" library="BuiltIn">
<var>${headers}</var>
<arg>Content-Type=application/json</arg>
<doc>Creates and returns a dictionary based on the given ``items``.</doc>
<msg timestamp="20210313 23:25:44.810" level="INFO">${headers} = {'Content-Type': 'application/json'}</msg>
<status status="PASS" starttime="20210313 23:25:44.809" endtime="20210313 23:25:44.810"/>
</kw>
<kw name="Get On Session" library="RequestsLibrary">
<var>${responseConditions}</var>
<arg>User_Profile</arg>
<arg>${relativePath}</arg>
<arg>headers=${headers}</arg>
<arg>expected_status=${expectedStatus}</arg>
<doc>Sends a GET request on a previously created HTTP Session.</doc>
<msg timestamp="20210313 23:25:45.036" level="INFO">GET Request : url=http://gyant-challenge-app:3000/conditions 
 path_url=/conditions 
 headers={'User-Agent': 'python-requests/2.25.1', 'Accept-Encoding': 'gzip, deflate', 'Accept': '*/*', 'Connection': 'keep-alive', 'Content-Type': 'application/json'} 
 body=None 
 </msg>
<msg timestamp="20210313 23:25:45.036" level="INFO">GET Response : url=http://gyant-challenge-app:3000/conditions 
 status=200, reason=OK 
 headers={'Content-Type': 'application/json; charset=utf-8', 'Content-Length': '14689', 'Date': 'Sat, 13 Mar 2021 23:25:44 GMT', 'Connection': 'keep-alive'} 
 body=[{"_id":"604b858d095f565a46b08661","code":"A09","description":"Infectious gastroenteritis and colitis, unspecified"},{"_id":"604b858d095f565a46b08662","code":"A64","description":"Unspecified sexually transmitted disease"},{"_id":"604b858d095f565a46b08663","code":"B300","description":"Keratoconjunctivitis due to adenovirus"},{"_id":"604b858d095f565a46b08664","code":"B302","description":"Viral pharyngoconjunctivitis"},{"_id":"604b858d095f565a46b08665","code":"B308","description":"Other viral conjunctivitis"},{"_id":"604b858d095f565a46b08666","code":"B309","description":"Viral conjunctivitis, unspecified"},{"_id":"604b858d095f565a46b08667","code":"B373","description":"Candidiasis of vulva and vagina"},{"_id":"604b858d095f565a46b08668","code":"B9789","description":"Other viral agents as the cause of diseases classified elsewhere"},{"_id":"604b858d095f565a46b08669","code":"E860","description":"Dehydration"},{"_id":"604b858d095f565a46b0866a","code":"F340","description":"Cyclothymic disorder"},{"_id":"604b858d095f565a46b0866b","code":"F341","description":"Dysthymic disorder"},{"_id":"604b858d095f565a46b0866c","code":"F39","description":"Unspecified mood [affective] disorder"},{"_id":"604b858d095f565a46b0866d","code":"F411","description":"Generalized anxiety disorder"},{"_id":"604b858d095f565a46b0866e","code":"F418","description":"Other specified anxiety disorders"},{"_id":"604b858d095f565a46b0866f","code":"F419","description":"Anxiety disorder, unspecified"},{"_id":"604b858d095f565a46b08671","code":"F4321","description":"Adjustment disorder with depressed mood"},{"_id":"604b858d095f565a46b08672","code":"G43001","description":"Migraine without aura, not intractable, with status migrainosus"},{"_id":"604b858d095f565a46b08674","code":"G43009","description":"Migraine without aura, not intractable, without status migrainosus"},{"_id":"604b858d095f565a46b08677","code":"G43019","description":"Migraine without aura, intractable, without status migrainosus"},{"_id":"604b858d095f565a46b08678","code":"G43501","description":"Persistent migraine aura without cerebral infarction, not intractable, with status migrainosus"},{"_id":"604b858d095f565a46b08679","code":"G43509","description":"Persistent migraine aura without cerebral infarction, not intractable, without status migrainosus"},{"_id":"604b858d095f565a46b0867a","code":"G43519","description":"Persistent migraine aura without cerebral infarction, intractable, without status migrainosus"},{"_id":"604b858d095f565a46b0867b","code":"G43701","description":"Chronic migraine without aura, not intractable, with status migrainosus"},{"_id":"604b858d095f565a46b0867c","code":"G43709","description":"Chronic migraine without aura, not intractable, without status migrainosus"},{"_id":"604b858d095f565a46b0867e","code":"G43711","description":"Chronic migraine without aura, intractable, with status migrainosus"},{"_id":"604b858d095f565a46b08680","code":"G43719","description":"Chronic migraine without aura, intractable, without status migrainosus"},{"_id":"604b858d095f565a46b08682","code":"G43809","description":"Other migraine, not intractable, without status migrainosus"},{"_id":"604b858d095f565a46b08683","code":"G43811","description":"Other migraine, intractable, with status migrainosus"},{"_id":"604b858d095f565a46b08685","code":"G43819","description":"Other migraine, intractable, without status migrainosus"},{"_id":"604b858d095f565a46b08687","code":"G43829","description":"Menstrual migraine, not intractable, without status migrainosus"},{"_id":"604b858d095f565a46b08689","code":"G43909","description":"Migraine, unspecified, not intractable, without status migrainosus"},{"_id":"604b858d095f565a46b0868b","code":"G43911","description":"Migraine, unspecified, intractable, with status migrainosus"},{"_id":"604b858d095f565a46b0868c","code":"G43919","description":"Migraine, unspecified, intractable, without status migrainosus"},{"_id":"604b858d095f565a46b0868e","code":"G44209","description":"Tension-type headache, unspecified, not intractable"},{"_id":"604b858d095f565a46b08693","code":"G44219","description":"Episodic tension-type headache, not intractable"},{"_id":"604b858d095f565a46b08695","code":"G4700","description":"Insomnia, unspecified"},{"_id":"604b858d095f565a46b08696","code":"G4701","description":"Insomnia due to medical condition"},{"_id":"604b858d095f565a46b08698","code":"G5600","description":"Carpal tunnel syndrome, unspecified upper limb"},{"_id":"604b858d095f565a46b08699","code":"H10029","description":"Other mucopurulent conjunctivitis, unspecified eye"},{"_id":"604b858d095f565a46b0869b","code":"H1033","description":"Unspecified acute conjunctivitis, bilateral"},{"_id":"604b858d095f565a46b0869d","code":"H1044","description":"Vernal conjunctivitis"},{"_id":"604b858d095f565a46b0869e","code":"H1045","description":"Other chronic allergic conjunctivitis"},{"_id":"604b858d095f565a46b086a0","code":"H10509","description":"Unspecified blepharoconjunctivitis, unspecified eye"},{"_id":"604b858d095f565a46b086a2","code":"H10819","description":"Pingueculitis, unspecified eye"},{"_id":"604b858d095f565a46b086a3","code":"H1089","description":"Other conjunctivitis"},{"_id":"604b858d095f565a46b086a5","code":"H109","description":"Unspecified conjunctivitis"},{"_id":"604b858d095f565a46b086a6","code":"H6020","description":"Malignant otitis externa, unspecified ear"},{"_id":"604b858d095f565a46b086a8","code":"H60339","description":"Swimmer's ear, unspecified ear"},{"_id":"604b858d095f565a46b086aa","code":"H60399","description":"Other infective otitis externa, unspecified ear"},{"_id":"604b858d095f565a46b086ac","code":"H6500","description":"Acute serous otitis media, unspecified ear"},{"_id":"604b858d095f565a46b086ae","code":"H65119","description":"Acute and subacute allergic otitis media (mucoid) (sanguinous) (serous), unspecified ear"},{"_id":"604b858d095f565a46b086b0","code":"H65199","description":"Other acute nonsuppurative otitis media, unspecified ear"},{"_id":"604b858d095f565a46b086b1","code":"H6520","description":"Chronic serous otitis media, unspecified ear"},{"_id":"604b858d095f565a46b086b3","code":"H65499","description":"Other chronic nonsuppurative otitis media, unspecified ear"},{"_id":"604b858d095f565a46b086b4","code":"H6590","description":"Unspecified nonsuppurative otitis media, unspecified ear"},{"_id":"604b858d095f565a46b086b6","code":"H66009","description":"Acute suppurative otitis media without spontaneous rupture of ear drum, unspecified ear"},{"_id":"604b858d095f565a46b086b7","code":"H66019","description":"Acute suppurative otitis media with spontaneous rupture of ear drum, unspecified ear"},{"_id":"604b858d095f565a46b086b9","code":"H663X9","description":"Other chronic suppurative otitis media, unspecified ear"},{"_id":"604b858d095f565a46b086bb","code":"H6640","description":"Suppurative otitis media, unspecified, unspecified ear"},{"_id":"604b858d095f565a46b086bd","code":"H6690","description":"Otitis media, unspecified, unspecified ear"},{"_id":"604b858d095f565a46b086bf","code":"J00","description":"Acute nasopharyngitis [common cold]"},{"_id":"604b858d095f565a46b086c1","code":"J0100","description":"Acute maxillary sinusitis, unspecified"},{"_id":"604b858d095f565a46b086c2","code":"J0110","description":"Acute frontal sinusitis, unspecified"},{"_id":"604b858d095f565a46b086c4","code":"J0130","description":"Acute sphenoidal sinusitis, unspecified"},{"_id":"604b858d095f565a46b086c5","code":"J0140","description":"Acute pansinusitis, unspecified"},{"_id":"604b858d095f565a46b086c6","code":"J0190","description":"Acute sinusitis, unspecified"},{"_id":"604b858d095f565a46b086c8","code":"J029","description":"Acute pharyngitis, unspecified"},{"_id":"604b858d095f565a46b086ca","code":"J060","description":"Acute laryngopharyngitis"},{"_id":"604b858d095f565a46b086cc","code":"J069","description":"Acute upper respiratory infection, unspecified"},{"_id":"604b858d095f565a46b086ce","code":"J209","description":"Acute bronchitis, unspecified"},{"_id":"604b858d095f565a46b086d0","code":"J301","description":"Allergic rhinitis due to pollen"},{"_id":"604b858d095f565a46b086d1","code":"J3081","description":"Allergic rhinitis due to animal (cat) (dog) hair and dander"},{"_id":"604b858d095f565a46b086d4","code":"J36","description":"Peritonsillar abscess"},{"_id":"604b858d095f565a46b086d6","code":"J40","description":"Bronchitis, not specified as acute or chronic"},{"_id":"604b858d095f565a46b086d8","code":"J411","description":"Mucopurulent chronic bronchitis"},{"_id":"604b858d095f565a46b086d9","code":"J42","description":"Unspecified chronic bronchitis"},{"_id":"604b858d095f565a46b086dc","code":"J45901","description":"Unspecified asthma with (acute) exacerbation"},{"_id":"604b858d095f565a46b086de","code":"J45902","description":"Unspecified asthma with status asthmaticus"},{"_id":"604b858d095f565a46b086df","code":"K210","description":"Gastro-esophageal reflux disease with esophagitis"},{"_id":"604b858d095f565a46b086e1","code":"K219","description":"Gastro-esophageal reflux disease without esophagitis"},{"_id":"604b858d095f565a46b086e2","code":"K2900","description":"Acute gastritis without bleeding"},{"_id":"604b858d095f565a46b086e4","code":"K2920","description":"Alcoholic gastritis without bleeding"},{"_id":"604b858d095f565a46b086e6","code":"K2960","description":"Other gastritis without bleeding"},{"_id":"604b858d095f565a46b086e8","code":"K5900","description":"Constipation, unspecified"},{"_id":"604b858d095f565a46b086ea","code":"K5901","description":"Slow transit constipation"},{"_id":"604b858d095f565a46b086ec","code":"K5902","description":"Outlet dysfunction constipation"},{"_id":"604b858d095f565a46b086ee","code":"K649","description":"Unspecified hemorrhoids"},{"_id":"604b858d095f565a46b086f0","code":"K8019","description":"Calculus of gallbladder with other cholecystitis with obstruction"},{"_id":"604b858d095f565a46b086f2","code":"K8020","description":"Calculus of gallbladder without cholecystitis without obstruction"},{"_id"... (set the log level to DEBUG or TRACE to see the full content) 
 </msg>
<msg timestamp="20210313 23:25:45.038" level="INFO">${responseConditions} = &lt;Response [200]&gt;</msg>
<status status="PASS" starttime="20210313 23:25:44.810" endtime="20210313 23:25:45.038"/>
</kw>
<kw name="Set Test Variable" library="BuiltIn">
<arg>${responseConditions}</arg>
<doc>Makes a variable available everywhere within the scope of the current test.</doc>
<msg timestamp="20210313 23:25:45.040" level="INFO">${responseConditions} = &lt;Response [200]&gt;</msg>
<status status="PASS" starttime="20210313 23:25:45.039" endtime="20210313 23:25:45.040"/>
</kw>
<kw name="Log" library="BuiltIn">
<arg>Conditions Response: ${responseConditions.json()}</arg>
<doc>Logs the given message with the given level.</doc>
<msg timestamp="20210313 23:25:45.043" level="INFO">Conditions Response: [{'_id': '604b858d095f565a46b08661', 'code': 'A09', 'description': 'Infectious gastroenteritis and colitis, unspecified'}, {'_id': '604b858d095f565a46b08662', 'code': 'A64', 'description': 'Unspecified sexually transmitted disease'}, {'_id': '604b858d095f565a46b08663', 'code': 'B300', 'description': 'Keratoconjunctivitis due to adenovirus'}, {'_id': '604b858d095f565a46b08664', 'code': 'B302', 'description': 'Viral pharyngoconjunctivitis'}, {'_id': '604b858d095f565a46b08665', 'code': 'B308', 'description': 'Other viral conjunctivitis'}, {'_id': '604b858d095f565a46b08666', 'code': 'B309', 'description': 'Viral conjunctivitis, unspecified'}, {'_id': '604b858d095f565a46b08667', 'code': 'B373', 'description': 'Candidiasis of vulva and vagina'}, {'_id': '604b858d095f565a46b08668', 'code': 'B9789', 'description': 'Other viral agents as the cause of diseases classified elsewhere'}, {'_id': '604b858d095f565a46b08669', 'code': 'E860', 'description': 'Dehydration'}, {'_id': '604b858d095f565a46b0866a', 'code': 'F340', 'description': 'Cyclothymic disorder'}, {'_id': '604b858d095f565a46b0866b', 'code': 'F341', 'description': 'Dysthymic disorder'}, {'_id': '604b858d095f565a46b0866c', 'code': 'F39', 'description': 'Unspecified mood [affective] disorder'}, {'_id': '604b858d095f565a46b0866d', 'code': 'F411', 'description': 'Generalized anxiety disorder'}, {'_id': '604b858d095f565a46b0866e', 'code': 'F418', 'description': 'Other specified anxiety disorders'}, {'_id': '604b858d095f565a46b0866f', 'code': 'F419', 'description': 'Anxiety disorder, unspecified'}, {'_id': '604b858d095f565a46b08671', 'code': 'F4321', 'description': 'Adjustment disorder with depressed mood'}, {'_id': '604b858d095f565a46b08672', 'code': 'G43001', 'description': 'Migraine without aura, not intractable, with status migrainosus'}, {'_id': '604b858d095f565a46b08674', 'code': 'G43009', 'description': 'Migraine without aura, not intractable, without status migrainosus'}, {'_id': '604b858d095f565a46b08677', 'code': 'G43019', 'description': 'Migraine without aura, intractable, without status migrainosus'}, {'_id': '604b858d095f565a46b08678', 'code': 'G43501', 'description': 'Persistent migraine aura without cerebral infarction, not intractable, with status migrainosus'}, {'_id': '604b858d095f565a46b08679', 'code': 'G43509', 'description': 'Persistent migraine aura without cerebral infarction, not intractable, without status migrainosus'}, {'_id': '604b858d095f565a46b0867a', 'code': 'G43519', 'description': 'Persistent migraine aura without cerebral infarction, intractable, without status migrainosus'}, {'_id': '604b858d095f565a46b0867b', 'code': 'G43701', 'description': 'Chronic migraine without aura, not intractable, with status migrainosus'}, {'_id': '604b858d095f565a46b0867c', 'code': 'G43709', 'description': 'Chronic migraine without aura, not intractable, without status migrainosus'}, {'_id': '604b858d095f565a46b0867e', 'code': 'G43711', 'description': 'Chronic migraine without aura, intractable, with status migrainosus'}, {'_id': '604b858d095f565a46b08680', 'code': 'G43719', 'description': 'Chronic migraine without aura, intractable, without status migrainosus'}, {'_id': '604b858d095f565a46b08682', 'code': 'G43809', 'description': 'Other migraine, not intractable, without status migrainosus'}, {'_id': '604b858d095f565a46b08683', 'code': 'G43811', 'description': 'Other migraine, intractable, with status migrainosus'}, {'_id': '604b858d095f565a46b08685', 'code': 'G43819', 'description': 'Other migraine, intractable, without status migrainosus'}, {'_id': '604b858d095f565a46b08687', 'code': 'G43829', 'description': 'Menstrual migraine, not intractable, without status migrainosus'}, {'_id': '604b858d095f565a46b08689', 'code': 'G43909', 'description': 'Migraine, unspecified, not intractable, without status migrainosus'}, {'_id': '604b858d095f565a46b0868b', 'code': 'G43911', 'description': 'Migraine, unspecified, intractable, with status migrainosus'}, {'_id': '604b858d095f565a46b0868c', 'code': 'G43919', 'description': 'Migraine, unspecified, intractable, without status migrainosus'}, {'_id': '604b858d095f565a46b0868e', 'code': 'G44209', 'description': 'Tension-type headache, unspecified, not intractable'}, {'_id': '604b858d095f565a46b08693', 'code': 'G44219', 'description': 'Episodic tension-type headache, not intractable'}, {'_id': '604b858d095f565a46b08695', 'code': 'G4700', 'description': 'Insomnia, unspecified'}, {'_id': '604b858d095f565a46b08696', 'code': 'G4701', 'description': 'Insomnia due to medical condition'}, {'_id': '604b858d095f565a46b08698', 'code': 'G5600', 'description': 'Carpal tunnel syndrome, unspecified upper limb'}, {'_id': '604b858d095f565a46b08699', 'code': 'H10029', 'description': 'Other mucopurulent conjunctivitis, unspecified eye'}, {'_id': '604b858d095f565a46b0869b', 'code': 'H1033', 'description': 'Unspecified acute conjunctivitis, bilateral'}, {'_id': '604b858d095f565a46b0869d', 'code': 'H1044', 'description': 'Vernal conjunctivitis'}, {'_id': '604b858d095f565a46b0869e', 'code': 'H1045', 'description': 'Other chronic allergic conjunctivitis'}, {'_id': '604b858d095f565a46b086a0', 'code': 'H10509', 'description': 'Unspecified blepharoconjunctivitis, unspecified eye'}, {'_id': '604b858d095f565a46b086a2', 'code': 'H10819', 'description': 'Pingueculitis, unspecified eye'}, {'_id': '604b858d095f565a46b086a3', 'code': 'H1089', 'description': 'Other conjunctivitis'}, {'_id': '604b858d095f565a46b086a5', 'code': 'H109', 'description': 'Unspecified conjunctivitis'}, {'_id': '604b858d095f565a46b086a6', 'code': 'H6020', 'description': 'Malignant otitis externa, unspecified ear'}, {'_id': '604b858d095f565a46b086a8', 'code': 'H60339', 'description': "Swimmer's ear, unspecified ear"}, {'_id': '604b858d095f565a46b086aa', 'code': 'H60399', 'description': 'Other infective otitis externa, unspecified ear'}, {'_id': '604b858d095f565a46b086ac', 'code': 'H6500', 'description': 'Acute serous otitis media, unspecified ear'}, {'_id': '604b858d095f565a46b086ae', 'code': 'H65119', 'description': 'Acute and subacute allergic otitis media (mucoid) (sanguinous) (serous), unspecified ear'}, {'_id': '604b858d095f565a46b086b0', 'code': 'H65199', 'description': 'Other acute nonsuppurative otitis media, unspecified ear'}, {'_id': '604b858d095f565a46b086b1', 'code': 'H6520', 'description': 'Chronic serous otitis media, unspecified ear'}, {'_id': '604b858d095f565a46b086b3', 'code': 'H65499', 'description': 'Other chronic nonsuppurative otitis media, unspecified ear'}, {'_id': '604b858d095f565a46b086b4', 'code': 'H6590', 'description': 'Unspecified nonsuppurative otitis media, unspecified ear'}, {'_id': '604b858d095f565a46b086b6', 'code': 'H66009', 'description': 'Acute suppurative otitis media without spontaneous rupture of ear drum, unspecified ear'}, {'_id': '604b858d095f565a46b086b7', 'code': 'H66019', 'description': 'Acute suppurative otitis media with spontaneous rupture of ear drum, unspecified ear'}, {'_id': '604b858d095f565a46b086b9', 'code': 'H663X9', 'description': 'Other chronic suppurative otitis media, unspecified ear'}, {'_id': '604b858d095f565a46b086bb', 'code': 'H6640', 'description': 'Suppurative otitis media, unspecified, unspecified ear'}, {'_id': '604b858d095f565a46b086bd', 'code': 'H6690', 'description': 'Otitis media, unspecified, unspecified ear'}, {'_id': '604b858d095f565a46b086bf', 'code': 'J00', 'description': 'Acute nasopharyngitis [common cold]'}, {'_id': '604b858d095f565a46b086c1', 'code': 'J0100', 'description': 'Acute maxillary sinusitis, unspecified'}, {'_id': '604b858d095f565a46b086c2', 'code': 'J0110', 'description': 'Acute frontal sinusitis, unspecified'}, {'_id': '604b858d095f565a46b086c4', 'code': 'J0130', 'description': 'Acute sphenoidal sinusitis, unspecified'}, {'_id': '604b858d095f565a46b086c5', 'code': 'J0140', 'description': 'Acute pansinusitis, unspecified'}, {'_id': '604b858d095f565a46b086c6', 'code': 'J0190', 'description': 'Acute sinusitis, unspecified'}, {'_id': '604b858d095f565a46b086c8', 'code': 'J029', 'description': 'Acute pharyngitis, unspecified'}, {'_id': '604b858d095f565a46b086ca', 'code': 'J060', 'description': 'Acute laryngopharyngitis'}, {'_id': '604b858d095f565a46b086cc', 'code': 'J069', 'description': 'Acute upper respiratory infection, unspecified'}, {'_id': '604b858d095f565a46b086ce', 'code': 'J209', 'description': 'Acute bronchitis, unspecified'}, {'_id': '604b858d095f565a46b086d0', 'code': 'J301', 'description': 'Allergic rhinitis due to pollen'}, {'_id': '604b858d095f565a46b086d1', 'code': 'J3081', 'description': 'Allergic rhinitis due to animal (cat) (dog) hair and dander'}, {'_id': '604b858d095f565a46b086d4', 'code': 'J36', 'description': 'Peritonsillar abscess'}, {'_id': '604b858d095f565a46b086d6', 'code': 'J40', 'description': 'Bronchitis, not specified as acute or chronic'}, {'_id': '604b858d095f565a46b086d8', 'code': 'J411', 'description': 'Mucopurulent chronic bronchitis'}, {'_id': '604b858d095f565a46b086d9', 'code': 'J42', 'description': 'Unspecified chronic bronchitis'}, {'_id': '604b858d095f565a46b086dc', 'code': 'J45901', 'description': 'Unspecified asthma with (acute) exacerbation'}, {'_id': '604b858d095f565a46b086de', 'code': 'J45902', 'description': 'Unspecified asthma with status asthmaticus'}, {'_id': '604b858d095f565a46b086df', 'code': 'K210', 'description': 'Gastro-esophageal reflux disease with esophagitis'}, {'_id': '604b858d095f565a46b086e1', 'code': 'K219', 'description': 'Gastro-esophageal reflux disease without esophagitis'}, {'_id': '604b858d095f565a46b086e2', 'code': 'K2900', 'description': 'Acute gastritis without bleeding'}, {'_id': '604b858d095f565a46b086e4', 'code': 'K2920', 'description': 'Alcoholic gastritis without bleeding'}, {'_id': '604b858d095f565a46b086e6', 'code': 'K2960', 'description': 'Other gastritis without bleeding'}, {'_id': '604b858d095f565a46b086e8', 'code': 'K5900', 'description': 'Constipation, unspecified'}, {'_id': '604b858d095f565a46b086ea', 'code': 'K5901', 'description': 'Slow transit constipation'}, {'_id': '604b858d095f565a46b086ec', 'code': 'K5902', 'description': 'Outlet dysfunction constipation'}, {'_id': '604b858d095f565a46b086ee', 'code': 'K649', 'description': 'Unspecified hemorrhoids'}, {'_id': '604b858d095f565a46b086f0', 'code': 'K8019', 'description': 'Calculus of gallbladder with other cholecystitis with obstruction'}, {'_id': '604b858d095f565a46b086f2', 'code': 'K8020', 'description': 'Calculus of gallbladder without cholecystitis without obstruction'}, {'_id': '604b858d095f565a46b086f3', 'code': 'K8021', 'description': 'Calculus of gallbladder without cholecystitis with obstruction'}, {'_id': '604b858d095f565a46b086f5', 'code': 'K8042', 'description': 'Calculus of bile duct with acute cholecystitis without obstruction'}, {'_id': '604b858d095f565a46b086f8', 'code': 'K8050', 'description': 'Calculus of bile duct without cholangitis or cholecystitis without obstruction'}, {'_id': '604b858d095f565a46b086fa', 'code': 'K8051', 'description': 'Calculus of bile duct without chol
[...]
<msg timestamp="20210313 23:26:28.451" level="INFO">Register User Response: {'statusCode': 400, 'payload': {'statusCode': 400, 'error': 'Bad Request', 'message': 'E11000 duplicate key error collection: gyantQaChallenge.users index: email_1 dup key: { email: "who@doctor.com" }'}, 'headers': {}}</msg>
<status status="PASS" starttime="20210313 23:26:28.447" endtime="20210313 23:26:28.452"/>
</kw>
<status status="PASS" starttime="20210313 23:26:28.233" endtime="20210313 23:26:28.453"/>
</kw>
<kw name="Import New Cases" library="CasesUtil">
<kw name="Set Relative Path" library="Common">
<arg>/cases/import</arg>
<kw name="Set Test Variable" library="BuiltIn">
<arg>${relativePath}</arg>
<doc>Makes a variable available everywhere within the scope of the current test.</doc>
<msg timestamp="20210313 23:26:28.464" level="INFO">${relativePath} = /cases/import</msg>
<status status="PASS" starttime="20210313 23:26:28.461" endtime="20210313 23:26:28.464"/>
</kw>
<kw name="Log" library="BuiltIn">
<arg>Path: ${BASE_URL}/${relativePath}</arg>
<doc>Logs the given message with the given level.</doc>
<msg timestamp="20210313 23:26:28.467" level="INFO">Path: http://gyant-challenge-app:3000//cases/import</msg>
<status status="PASS" starttime="20210313 23:26:28.465" endtime="20210313 23:26:28.467"/>
</kw>
<status status="PASS" starttime="20210313 23:26:28.457" endtime="20210313 23:26:28.468"/>
</kw>
<kw name="Import Cases" library="CasesUtil">
<kw name="Create Dictionary" library="BuiltIn">
<var>${headers}</var>
<arg>Content-Type=application/json</arg>
<doc>Creates and returns a dictionary based on the given ``items``.</doc>
<msg timestamp="20210313 23:26:28.478" level="INFO">${headers} = {'Content-Type': 'application/json'}</msg>
<status status="PASS" starttime="20210313 23:26:28.475" endtime="20210313 23:26:28.479"/>
</kw>
<kw name="Post On Session" library="RequestsLibrary">
<var>${responseImportCases}</var>
<arg>User_Profile</arg>
<arg>${relativePath}</arg>
<arg>headers=${headers}</arg>
<arg>expected_status=${expectedStatus}</arg>
<doc>Sends a POST request on a previously created HTTP Session.</doc>
<msg timestamp="20210313 23:26:28.569" level="INFO">POST Request : url=http://gyant-challenge-app:3000/cases/import 
 path_url=/cases/import 
 headers={'User-Agent': 'python-requests/2.25.1', 'Accept-Encoding': 'gzip, deflate', 'Accept': '*/*', 'Connection': 'keep-alive', 'Content-Type': 'application/json', 'Content-Length': '0'} 
 body=None 
 </msg>
<msg timestamp="20210313 23:26:28.570" level="INFO">POST Response : url=http://gyant-challenge-app:3000/cases/import 
 status=200, reason=OK 
 headers={'Content-Type': 'application/json; charset=utf-8', 'Content-Length': '192', 'Date': 'Sat, 13 Mar 2021 23:26:28 GMT', 'Connection': 'keep-alive'} 
 body={"ok":1,"writeErrors":[],"writeConcernErrors":[],"insertedIds":[],"nInserted":0,"nUpserted":0,"nMatched":3,"nModified":3,"nRemoved":0,"upserted":[],"lastOp":{"ts":"6939284145096884228","t":2}} 
 </msg>
<msg timestamp="20210313 23:26:28.571" level="INFO">${responseImportCases} = &lt;Response [200]&gt;</msg>
<status status="PASS" starttime="20210313 23:26:28.480" endtime="20210313 23:26:28.571"/>
</kw>
<kw name="Set Test Variable" library="BuiltIn">
<arg>${responseImportCases}</arg>
<doc>Makes a variable available everywhere within the scope of the current test.</doc>
<msg timestamp="20210313 23:26:28.577" level="INFO">${responseImportCases} = &lt;Response [200]&gt;</msg>
<status status="PASS" starttime="20210313 23:26:28.573" endtime="20210313 23:26:28.577"/>
</kw>
<kw name="Log" library="BuiltIn">
<arg>Import Cases Response: ${responseImportCases.json()}</arg>
<doc>Logs the given message with the given level.</doc>
<msg timestamp="20210313 23:26:28.587" level="INFO">Import Cases Response: {'ok': 1, 'writeErrors': [], 'writeConcernErrors': [], 'insertedIds': [], 'nInserted': 0, 'nUpserted': 0, 'nMatched': 3, 'nModified': 3, 'nRemoved': 0, 'upserted': [], 'lastOp': {'ts': '6939284145096884228', 't': 2}}</msg>
<status status="PASS" starttime="20210313 23:26:28.581" endtime="20210313 23:26:28.587"/>
</kw>
<status status="PASS" starttime="20210313 23:26:28.469" endtime="20210313 23:26:28.588"/>
</kw>
<status status="PASS" starttime="20210313 23:26:28.454" endtime="20210313 23:26:28.589"/>
</kw>
<kw name="Set Relative Path" library="Common">
<arg>/conditions/import</arg>
<kw name="Set Test Variable" library="BuiltIn">
<arg>${relativePath}</arg>
<doc>Makes a variable available everywhere within the scope of the current test.</doc>
<msg timestamp="20210313 23:26:28.596" level="INFO">${relativePath} = /conditions/import</msg>
<status status="PASS" starttime="20210313 23:26:28.592" endtime="20210313 23:26:28.596"/>
</kw>
<kw name="Log" library="BuiltIn">
<arg>Path: ${BASE_URL}/${relativePath}</arg>
<doc>Logs the given message with the given level.</doc>
<msg timestamp="20210313 23:26:28.599" level="INFO">Path: http://gyant-challenge-app:3000//conditions/import</msg>
<status status="PASS" starttime="20210313 23:26:28.597" endtime="20210313 23:26:28.599"/>
</kw>
<status status="PASS" starttime="20210313 23:26:28.590" endtime="20210313 23:26:28.600"/>
</kw>
<kw name="Import Conditions" library="ConditionsUtil">
<kw name="Create Dictionary" library="BuiltIn">
<var>${headers}</var>
<arg>Content-Type=application/json</arg>
<doc>Creates and returns a dictionary based on the given ``items``.</doc>
<msg timestamp="20210313 23:26:28.605" level="INFO">${headers} = {'Content-Type': 'application/json'}</msg>
<status status="PASS" starttime="20210313 23:26:28.604" endtime="20210313 23:26:28.606"/>
</kw>
<kw name="Post On Session" library="RequestsLibrary">
<var>${responseConditionsImport}</var>
<arg>User_Profile</arg>
<arg>${relativePath}</arg>
<arg>headers=${headers}</arg>
<arg>expected_status=${expectedStatus}</arg>
<doc>Sends a POST request on a previously created HTTP Session.</doc>
<msg timestamp="20210313 23:26:28.744" level="INFO">POST Request : url=http://gyant-challenge-app:3000/conditions/import 
 path_url=/conditions/import 
 headers={'User-Agent': 'python-requests/2.25.1', 'Accept-Encoding': 'gzip, deflate', 'Accept': '*/*', 'Connection': 'keep-alive', 'Content-Type': 'application/json', 'Content-Length': '0'} 
 body=None 
 </msg>
<msg timestamp="20210313 23:26:28.745" level="INFO">POST Response : url=http://gyant-challenge-app:3000/conditions/import 
 status=200, reason=OK 
 headers={'Content-Type': 'application/json; charset=utf-8', 'Content-Length': '196', 'Date': 'Sat, 13 Mar 2021 23:26:28 GMT', 'Connection': 'keep-alive'} 
 body={"ok":1,"writeErrors":[],"writeConcernErrors":[],"insertedIds":[],"nInserted":0,"nUpserted":0,"nMatched":122,"nModified":122,"nRemoved":0,"upserted":[],"lastOp":{"ts":"6939284145096884350","t":2}} 
 </msg>
<msg timestamp="20210313 23:26:28.746" level="INFO">${responseConditionsImport} = &lt;Response [200]&gt;</msg>
<status status="PASS" starttime="20210313 23:26:28.607" endtime="20210313 23:26:28.747"/>
</kw>
<kw name="Set Test Variable" library="BuiltIn">
<arg>${responseConditionsImport}</arg>
<doc>Makes a variable available everywhere within the scope of the current test.</doc>
<msg timestamp="20210313 23:26:28.751" level="INFO">${responseConditionsImport} = &lt;Response [200]&gt;</msg>
<status status="PASS" starttime="20210313 23:26:28.748" endtime="20210313 23:26:28.752"/>
</kw>
<kw name="Log" library="BuiltIn">
<arg>Conditions Import Response: ${responseConditionsImport.json()}</arg>
<doc>Logs the given message with the given level.</doc>
<msg timestamp="20210313 23:26:28.761" level="INFO">Conditions Import Response: {'ok': 1, 'writeErrors': [], 'writeConcernErrors': [], 'insertedIds': [], 'nInserted': 0, 'nUpserted': 0, 'nMatched': 122, 'nModified': 122, 'nRemoved': 0, 'upserted': [], 'lastOp': {'ts': '6939284145096884350', 't': 2}}</msg>
<status status="PASS" starttime="20210313 23:26:28.754" endtime="20210313 23:26:28.763"/>
</kw>
<status status="PASS" starttime="20210313 23:26:28.601" endtime="20210313 23:26:28.764"/>
</kw>
<status status="PASS" starttime="20210313 23:26:28.220" endtime="20210313 23:26:28.765"/>
</kw>
<status status="PASS" starttime="20210313 23:26:25.888" endtime="20210313 23:26:28.766"/>
</kw>
<kw name="Login" library="FrontendUtils">
<kw name="Wait Until Element Is Visible" library="SeleniumLibrary">
<arg>//*[@id="login"]</arg>
<doc>Waits until the element ``locator`` is visible.</doc>
<status status="PASS" starttime="20210313 23:26:28.771" endtime="20210313 23:26:28.867"/>
</kw>
<kw name="Set Variable" library="BuiltIn">
<var>${emailInput}</var>
<arg>//*[@id="login"]/input[@placeholder="email"]</arg>
<doc>Returns the given values which can then be assigned to a variables.</doc>
<msg timestamp="20210313 23:26:28.868" level="INFO">${emailInput} = //*[@id="login"]/input[@placeholder="email"]</msg>
<status status="PASS" starttime="20210313 23:26:28.867" endtime="20210313 23:26:28.868"/>
</kw>
<kw name="Input Text" library="SeleniumLibrary">
<arg>${emailInput}</arg>
<arg>who@doctor.com</arg>
<doc>Types the given ``text`` into the text field identified by ``locator``.</doc>
<msg timestamp="20210313 23:26:28.870" level="INFO">Typing text 'who@doctor.com' into text field '//*[@id="login"]/input[@placeholder="email"]'.</msg>
<status status="PASS" starttime="20210313 23:26:28.869" endtime="20210313 23:26:29.196"/>
</kw>
<kw name="Set Variable" library="BuiltIn">
<var>${passwordInput}</var>
<arg>//*[@id="login"]/input[@placeholder="password"]</arg>
<doc>Returns the given values which can then be assigned to a variables.</doc>
<msg timestamp="20210313 23:26:29.197" level="INFO">${passwordInput} = //*[@id="login"]/input[@placeholder="password"]</msg>
<status status="PASS" starttime="20210313 23:26:29.197" endtime="20210313 23:26:29.197"/>
</kw>
<kw name="Input Text" library="SeleniumLibrary">
<arg>${passwordInput}</arg>
<arg>qwerty</arg>
<doc>Types the given ``text`` into the text field identified by ``locator``.</doc>
<msg timestamp="20210313 23:26:29.198" level="INFO">Typing text 'qwerty' into text field '//*[@id="login"]/input[@placeholder="password"]'.</msg>
<status status="PASS" starttime="20210313 23:26:29.198" endtime="20210313 23:26:29.400"/>
</kw>
<kw name="Set Variable" library="BuiltIn">
<var>${loginButton}</var>
<arg>//*[@id="login"]/input[@type="submit"]</arg>
<doc>Returns the given values which can then be assigned to a variables.</doc>
<msg timestamp="20210313 23:26:29.401" level="INFO">${loginButton} = //*[@id="login"]/input[@type="submit"]</msg>
<status status="PASS" starttime="20210313 23:26:29.400" endtime="20210313 23:26:29.401"/>
</kw>
<kw name="Click Button" library="SeleniumLibrary">
<arg>${loginButton}</arg>
<doc>Clicks the button identified by ``locator``.</doc>
<msg timestamp="20210313 23:26:29.402" level="INFO">Clicking button '//*[@id="login"]/input[@type="submit"]'.</msg>
<status status="PASS" starttime="20210313 23:26:29.402" endtime="20210313 23:26:29.531"/>
</kw>
<status status="PASS" starttime="20210313 23:26:28.767" endtime="20210313 23:26:29.532"/>
</kw>
<kw name="Response to All The Cases" library="FrontendUtils">
<kw name="Wait Until Element Contains" library="SeleniumLibrary">
<arg>//*[@id="loginInfo"]</arg>
<arg>Logged in as: Doctor Who</arg>
<doc>Waits until the element ``locator`` contains ``text``.</doc>
<status status="PASS" starttime="20210313 23:26:29.536" endtime="20210313 23:26:29.836"/>
</kw>
<kw name="Wait Until Page Contains" library="SeleniumLibrary">
<arg>Please review this case:</arg>
<doc>Waits until ``text`` appears on the current page.</doc>
<status status="PASS" starttime="20210313 23:26:29.836" endtime="20210313 23:26:29.868"/>
</kw>
<kw name="Select From List By Value" library="SeleniumLibrary">
<arg>//*[@id="conditions"]</arg>
<arg>604b858d095f565a46b08667</arg>
<doc>Selects options from selection list ``locator`` by ``values``.</doc>
<msg timestamp="20210313 23:26:29.869" level="INFO">Selecting options from selection list '//*[@id="conditions"]' by value 604b858d095f565a46b08667.</msg>
<status status="PASS" starttime="20210313 23:26:29.869" endtime="20210313 23:26:30.070"/>
</kw>
<kw name="Wait Until Element Is Enabled" library="SeleniumLibrary">
<arg>//*[@id="nextCase"]</arg>
<doc>Waits until the element ``locator`` is enabled.</doc>
<status status="PASS" starttime="20210313 23:26:30.071" endtime="20210313 23:26:30.159"/>
</kw>
<kw name="Click Button" library="SeleniumLibrary">
<arg>//*[@id="nextCase"]</arg>
<doc>Clicks the button identified by ``locator``.</doc>
<msg timestamp="20210313 23:26:30.160" level="INFO">Clicking button '//*[@id="nextCase"]'.</msg>
<status status="PASS" starttime="20210313 23:26:30.160" endtime="20210313 23:26:30.371"/>
</kw>
<kw name="Wait Until Element Is Visible" library="SeleniumLibrary">
<arg>//*[@id="nextCase" and @disabled="true"]</arg>
<doc>Waits until the element ``locator`` is visible.</doc>
<status status="PASS" starttime="20210313 23:26:30.372" endtime="20210313 23:26:30.728"/>
</kw>
<kw name="Select From List By Value" library="SeleniumLibrary">
<arg>//*[@id="conditions"]</arg>
<arg>604b858d095f565a46b0872e</arg>
<doc>Selects options from selection list ``locator`` by ``values``.</doc>
<msg timestamp="20210313 23:26:30.731" level="INFO">Selecting options from selection list '//*[@id="conditions"]' by value 604b858d095f565a46b0872e.</msg>
<status status="PASS" starttime="20210313 23:26:30.730" endtime="20210313 23:26:30.941"/>
</kw>
<kw name="Wait Until Element Is Enabled" library="SeleniumLibrary">
<arg>//*[@id="nextCase"]</arg>
<doc>Waits until the element ``locator`` is enabled.</doc>
<status status="PASS" starttime="20210313 23:26:30.941" endtime="20210313 23:26:30.998"/>
</kw>
<kw name="Click Button" library="SeleniumLibrary">
<arg>//*[@id="nextCase"]</arg>
<doc>Clicks the button identified by ``locator``.</doc>
<msg timestamp="20210313 23:26:30.999" level="INFO">Clicking button '//*[@id="nextCase"]'.</msg>
<status status="PASS" starttime="20210313 23:26:30.998" endtime="20210313 23:26:31.122"/>
</kw>
<kw name="Wait Until Element Is Visible" library="SeleniumLibrary">
<arg>//*[@id="nextCase" and @disabled="true"]</arg>
<doc>Waits until the element ``locator`` is visible.</doc>
<status status="PASS" starttime="20210313 23:26:31.123" endtime="20210313 23:26:32.168"/>
</kw>
<kw name="Select From List By Value" library="SeleniumLibrary">
<arg>//*[@id="conditions"]</arg>
<arg>604b858d095f565a46b0871d</arg>
<doc>Selects options from selection list ``locator`` by ``values``.</doc>
<msg timestamp="20210313 23:26:32.170" level="INFO">Selecting options from selection list '//*[@id="conditions"]' by value 604b858d095f565a46b0871d.</msg>
<status status="PASS" starttime="20210313 23:26:32.169" endtime="20210313 23:26:32.405"/>
</kw>
<kw name="Wait Until Element Is Enabled" library="SeleniumLibrary">
<arg>//*[@id="nextCase"]</arg>
<doc>Waits until the element ``locator`` is enabled.</doc>
<status status="PASS" starttime="20210313 23:26:32.405" endtime="20210313 23:26:32.444"/>
</kw>
<kw name="Click Button" library="SeleniumLibrary">
<arg>//*[@id="nextCase"]</arg>
<doc>Clicks the button identified by ``locator``.</doc>
<msg timestamp="20210313 23:26:32.445" level="INFO">Clicking button '//*[@id="nextCase"]'.</msg>
<status status="PASS" starttime="20210313 23:26:32.444" endtime="20210313 23:26:32.536"/>
</kw>
<status status="PASS" starttime="20210313 23:26:29.534" endtime="20210313 23:26:32.537"/>
</kw>
<kw name="Wait Until Page Contains" library="SeleniumLibrary">
<arg>You are done.</arg>
<doc>Waits until ``text`` appears on the current page.</doc>
<status status="PASS" starttime="20210313 23:26:32.538" endtime="20210313 23:26:33.317"/>
</kw>
<kw name="Element Should Be Visible" library="SeleniumLibrary">
<arg>//*[@id="logout"]</arg>
<doc>Verifies that the element identified by ``locator`` is visible.</doc>
<msg timestamp="20210313 23:26:33.426" level="INFO">Element '//*[@id="logout"]' is displayed.</msg>
<status status="PASS" starttime="20210313 23:26:33.320" endtime="20210313 23:26:33.426"/>
</kw>
<kw name="Click Button" library="SeleniumLibrary">
<arg>//*[@id="logout"]</arg>
<doc>Clicks the button identified by ``locator``.</doc>
<msg timestamp="20210313 23:26:33.429" level="INFO">Clicking button '//*[@id="logout"]'.</msg>
<status status="PASS" starttime="20210313 23:26:33.428" endtime="20210313 23:26:33.555"/>
</kw>
<kw name="Element Should Not Be Visible" library="SeleniumLibrary">
<arg>//*[@id="logout"]</arg>
<doc>Verifies that the element identified by ``locator`` is NOT visible.</doc>
<msg timestamp="20210313 23:26:33.593" level="INFO">Element '//*[@id="logout"]' exists but is not displayed.</msg>
<status status="PASS" starttime="20210313 23:26:33.556" endtime="20210313 23:26:33.593"/>
</kw>
<kw name="Element Should Be Visible" library="SeleniumLibrary">
<arg>//*[@id="login"]</arg>
<doc>Verifies that the element identified by ``locator`` is visible.</doc>
<msg timestamp="20210313 23:26:33.631" level="INFO">Element '//*[@id="login"]' is displayed.</msg>
<status status="PASS" starttime="20210313 23:26:33.594" endtime="20210313 23:26:33.631"/>
</kw>
<kw name="Wait Until Page Contains" library="SeleniumLibrary">
<arg>Please Login to review cases.</arg>
<doc>Waits until ``text`` appears on the current page.</doc>
<status status="PASS" starttime="20210313 23:26:33.632" endtime="20210313 23:26:33.660"/>
</kw>
<kw name="End Session Frontend" library="Common" type="TEARDOWN">
<kw name="Close Browser" library="SeleniumLibrary">
<doc>Closes the current browser.</doc>
<status status="PASS" starttime="20210313 23:26:33.665" endtime="20210313 23:26:33.730"/>
</kw>
<status status="PASS" starttime="20210313 23:26:33.662" endtime="20210313 23:26:33.731"/>
</kw>
<tag>TEST</tag>
<status status="PASS" starttime="20210313 23:26:25.885" endtime="20210313 23:26:33.731"/>
</test>
<status status="PASS" starttime="20210313 23:26:06.924" endtime="20210313 23:26:33.736"/>
</suite>
<status status="PASS" starttime="20210313 23:26:06.916" endtime="20210313 23:26:33.749"/>
</suite>
<status status="PASS" starttime="20210313 23:25:39.417" endtime="20210313 23:26:33.763"/>
</suite>
<statistics>
<total>
<stat pass="19" fail="0" skip="0">All Tests</stat>
</total>
<tag>
<stat pass="19" fail="0" skip="0">TEST</stat>
</tag>
<suite>
<stat pass="19" fail="0" skip="0" id="s1" name="Tests">Tests</stat>
<stat pass="15" fail="0" skip="0" id="s1-s1" name="Backend">Tests.Backend</stat>
<stat pass="7" fail="0" skip="0" id="s1-s1-s1" name="CasesTests">Tests.Backend.CasesTests</stat>
<stat pass="2" fail="0" skip="0" id="s1-s1-s1-s1" name="CasesDeleteTests">Tests.Backend.CasesTests.CasesDeleteTests</stat>
<stat pass="1" fail="0" skip="0" id="s1-s1-s1-s2" name="CasesImportTests">Tests.Backend.CasesTests.CasesImportTests</stat>
<stat pass="2" fail="0" skip="0" id="s1-s1-s1-s3" name="CasesReviewTests">Tests.Backend.CasesTests.CasesReviewTests</stat>
<stat pass="2" fail="0" skip="0" id="s1-s1-s1-s4" name="CasesUnreviewedTests">Tests.Backend.CasesTests.CasesUnreviewedTests</stat>
<stat pass="4" fail="0" skip="0" id="s1-s1-s2" name="ConditionsTests">Tests.Backend.ConditionsTests</stat>
<stat pass="1" fail="0" skip="0" id="s1-s1-s2-s1" name="ConditionsTests">Tests.Backend.ConditionsTests.ConditionsTests</stat>
<stat pass="3" fail="0" skip="0" id="s1-s1-s2-s2" name="CreateConditionTests">Tests.Backend.ConditionsTests.CreateConditionTests</stat>
<stat pass="4" fail="0" skip="0" id="s1-s1-s3" name="UsersTests">Tests.Backend.UsersTests</stat>
<stat pass="2" fail="0" skip="0" id="s1-s1-s3-s1" name="LoginUserTests">Tests.Backend.UsersTests.LoginUserTests</stat>
<stat pass="2" fail="0" skip="0" id="s1-s1-s3-s2" name="RegisterUserTests">Tests.Backend.UsersTests.RegisterUserTests</stat>
<stat pass="4" fail="0" skip="0" id="s1-s2" name="Frontend">Tests.Frontend</stat>
<stat pass="4" fail="0" skip="0" id="s1-s2-s1" name="FrontendTests">Tests.Frontend.FrontendTests</stat>
</suite>
</statistics>
<errors>
</errors>
</robot>
